TN:
SF:src/App.tsx
FN:13,App
FNF:1
FNH:0
FNDA:0,App
DA:14,0
DA:16,0
LF:2
LH:0
BRDA:19,0,0,0
BRDA:19,0,1,0
BRDA:22,1,0,0
BRDA:22,1,1,0
BRDA:23,2,0,0
BRDA:23,2,1,0
BRDA:24,3,0,0
BRDA:24,3,1,0
BRDA:25,4,0,0
BRDA:25,4,1,0
BRDA:26,5,0,0
BRDA:26,5,1,0
BRF:12
BRH:0
end_of_record
TN:
SF:src/main.tsx
FNF:0
FNH:0
DA:7,0
LF:1
LH:0
BRF:0
BRH:0
end_of_record
TN:
SF:src/api/client.ts
FN:23,(anonymous_0)
FN:32,(anonymous_1)
FN:51,(anonymous_2)
FN:72,(anonymous_3)
FN:97,(anonymous_4)
FN:101,(anonymous_5)
FN:105,(anonymous_6)
FN:109,(anonymous_7)
FN:117,(anonymous_8)
FN:125,(anonymous_9)
FN:133,(anonymous_10)
FN:139,(anonymous_11)
FN:161,(anonymous_12)
FN:165,(anonymous_13)
FN:169,(anonymous_14)
FN:173,(anonymous_15)
FN:177,(anonymous_16)
FNF:17
FNH:0
FNDA:0,(anonymous_0)
FNDA:0,(anonymous_1)
FNDA:0,(anonymous_2)
FNDA:0,(anonymous_3)
FNDA:0,(anonymous_4)
FNDA:0,(anonymous_5)
FNDA:0,(anonymous_6)
FNDA:0,(anonymous_7)
FNDA:0,(anonymous_8)
FNDA:0,(anonymous_9)
FNDA:0,(anonymous_10)
FNDA:0,(anonymous_11)
FNDA:0,(anonymous_12)
FNDA:0,(anonymous_13)
FNDA:0,(anonymous_14)
FNDA:0,(anonymous_15)
FNDA:0,(anonymous_16)
DA:19,0
DA:20,0
DA:21,0
DA:24,0
DA:27,0
DA:28,0
DA:29,0
DA:33,0
DA:34,0
DA:35,0
DA:36,0
DA:42,0
DA:43,0
DA:48,0
DA:52,0
DA:53,0
DA:65,0
DA:66,0
DA:67,0
DA:69,0
DA:73,0
DA:74,0
DA:77,0
DA:78,0
DA:84,0
DA:85,0
DA:91,0
DA:98,0
DA:102,0
DA:106,0
DA:110,0
DA:111,0
DA:112,0
DA:114,0
DA:118,0
DA:119,0
DA:120,0
DA:122,0
DA:126,0
DA:127,0
DA:128,0
DA:130,0
DA:134,0
DA:135,0
DA:137,0
DA:138,0
DA:139,0
DA:140,0
DA:144,0
DA:153,0
DA:154,0
DA:156,0
DA:162,0
DA:166,0
DA:170,0
DA:174,0
DA:178,0
LF:57
LH:0
BRDA:33,0,0,0
BRDA:33,0,1,0
BRDA:35,1,0,0
BRDA:35,1,1,0
BRDA:52,2,0,0
BRDA:52,2,1,0
BRDA:66,3,0,0
BRDA:66,3,1,0
BRDA:66,4,0,0
BRDA:66,4,1,0
BRDA:73,5,0,0
BRDA:73,5,1,0
BRDA:77,6,0,0
BRDA:77,6,1,0
BRDA:84,7,0,0
BRDA:84,7,1,0
BRDA:92,8,0,0
BRDA:92,8,1,0
BRDA:138,9,0,0
BRDA:138,9,1,0
BRDA:150,10,0,0
BRDA:150,10,1,0
BRDA:161,11,0,0
BRDA:165,12,0,0
BRDA:169,13,0,0
BRDA:173,14,0,0
BRDA:177,15,0,0
BRF:27
BRH:0
end_of_record
TN:
SF:src/api/firebase.ts
FN:39,(anonymous_0)
FN:43,(anonymous_1)
FN:49,(anonymous_2)
FN:61,(anonymous_3)
FN:68,(anonymous_4)
FN:89,(anonymous_5)
FN:98,(anonymous_6)
FN:107,(anonymous_7)
FN:126,(anonymous_8)
FN:142,(anonymous_9)
FN:155,(anonymous_10)
FN:160,(anonymous_11)
FNF:12
FNH:0
FNDA:0,(anonymous_0)
FNDA:0,(anonymous_1)
FNDA:0,(anonymous_2)
FNDA:0,(anonymous_3)
FNDA:0,(anonymous_4)
FNDA:0,(anonymous_5)
FNDA:0,(anonymous_6)
FNDA:0,(anonymous_7)
FNDA:0,(anonymous_8)
FNDA:0,(anonymous_9)
FNDA:0,(anonymous_10)
FNDA:0,(anonymous_11)
DA:26,0
DA:27,0
DA:28,0
DA:29,0
DA:40,0
DA:42,0
DA:43,0
DA:44,0
DA:48,0
DA:49,0
DA:50,0
DA:54,0
DA:55,0
DA:58,0
DA:62,0
DA:72,0
DA:73,0
DA:74,0
DA:76,0
DA:77,0
DA:83,0
DA:85,0
DA:92,0
DA:93,0
DA:94,0
DA:95,0
DA:96,0
DA:98,0
DA:103,0
DA:112,0
DA:113,0
DA:114,0
DA:115,0
DA:120,0
DA:122,0
DA:131,0
DA:132,0
DA:133,0
DA:138,0
DA:146,0
DA:147,0
DA:148,0
DA:150,0
DA:156,0
DA:161,0
DA:166,0
LF:46
LH:0
BRDA:42,0,0,0
BRDA:42,0,1,0
BRDA:48,1,0,0
BRDA:48,1,1,0
BRDA:54,2,0,0
BRDA:54,2,1,0
BRDA:63,3,0,0
BRDA:63,3,1,0
BRDA:76,4,0,0
BRDA:76,4,1,0
BRDA:114,5,0,0
BRDA:114,5,1,0
BRF:12
BRH:0
end_of_record
TN:
SF:src/api/gearApi.ts
FN:8,(anonymous_0)
FN:23,(anonymous_1)
FN:34,(anonymous_2)
FN:60,(anonymous_3)
FN:78,(anonymous_4)
FN:98,(anonymous_5)
FN:122,(anonymous_6)
FNF:7
FNH:0
FNDA:0,(anonymous_0)
FNDA:0,(anonymous_1)
FNDA:0,(anonymous_2)
FNDA:0,(anonymous_3)
FNDA:0,(anonymous_4)
FNDA:0,(anonymous_5)
FNDA:0,(anonymous_6)
DA:5,0
DA:9,0
DA:10,0
DA:16,0
DA:24,0
DA:25,0
DA:27,0
DA:35,0
DA:36,0
DA:37,0
DA:43,0
DA:53,0
DA:61,0
DA:63,0
DA:65,0
DA:71,0
DA:79,0
DA:81,0
DA:82,0
DA:83,0
DA:89,0
DA:91,0
DA:99,0
DA:101,0
DA:102,0
DA:103,0
DA:109,0
DA:115,0
DA:123,0
DA:124,0
DA:133,0
DA:142,0
LF:32
LH:0
BRDA:36,0,0,0
BRDA:36,0,1,0
BRDA:48,1,0,0
BRDA:48,1,1,0
BRDA:49,2,0,0
BRDA:49,2,1,0
BRDA:82,3,0,0
BRDA:82,3,1,0
BRDA:102,4,0,0
BRDA:102,4,1,0
BRF:10
BRH:0
end_of_record
TN:
SF:src/components/auth/Login.tsx
FN:8,(anonymous_0)
FN:14,(anonymous_1)
FN:25,(anonymous_2)
FN:77,(anonymous_3)
FN:89,(anonymous_4)
FNF:5
FNH:0
FNDA:0,(anonymous_0)
FNDA:0,(anonymous_1)
FNDA:0,(anonymous_2)
FNDA:0,(anonymous_3)
FNDA:0,(anonymous_4)
DA:8,0
DA:9,0
DA:10,0
DA:11,0
DA:12,0
DA:14,0
DA:15,0
DA:16,0
DA:17,0
DA:18,0
DA:20,0
DA:21,0
DA:25,0
DA:26,0
DA:27,0
DA:28,0
DA:29,0
DA:31,0
DA:32,0
DA:36,0
DA:77,0
DA:89,0
LF:22
LH:0
BRDA:91,0,0,0
BRDA:91,0,1,0
BRF:2
BRH:0
end_of_record
TN:
SF:src/components/auth/Register.tsx
FN:7,(anonymous_0)
FN:14,(anonymous_1)
FN:56,(anonymous_2)
FN:68,(anonymous_3)
FN:80,(anonymous_4)
FNF:5
FNH:0
FNDA:0,(anonymous_0)
FNDA:0,(anonymous_1)
FNDA:0,(anonymous_2)
FNDA:0,(anonymous_3)
FNDA:0,(anonymous_4)
DA:7,0
DA:8,0
DA:9,0
DA:10,0
DA:11,0
DA:12,0
DA:14,0
DA:15,0
DA:17,0
DA:18,0
DA:19,0
DA:22,0
DA:23,0
DA:24,0
DA:26,0
DA:27,0
DA:31,0
DA:56,0
DA:68,0
DA:80,0
LF:20
LH:0
BRDA:17,0,0,0
BRDA:17,0,1,0
BRDA:82,1,0,0
BRDA:82,1,1,0
BRF:4
BRH:0
end_of_record
TN:
SF:src/components/auth/RequireAuth.tsx
FN:10,(anonymous_0)
FN:17,(anonymous_1)
FNF:2
FNH:0
FNDA:0,(anonymous_0)
FNDA:0,(anonymous_1)
DA:10,0
DA:14,0
DA:15,0
DA:17,0
DA:18,0
DA:19,0
DA:23,0
DA:24,0
DA:31,0
DA:32,0
DA:35,0
LF:11
LH:0
BRDA:12,0,0,0
BRDA:18,1,0,0
BRDA:18,1,1,0
BRDA:18,2,0,0
BRDA:18,2,1,0
BRDA:23,3,0,0
BRDA:23,3,1,0
BRDA:31,4,0,0
BRDA:31,4,1,0
BRF:9
BRH:0
end_of_record
TN:
SF:src/components/chat/CollectionChat.tsx
FN:18,(anonymous_0)
FN:25,(anonymous_1)
FN:29,(anonymous_2)
FN:33,(anonymous_3)
FN:44,(anonymous_4)
FN:56,(anonymous_5)
FN:64,(anonymous_6)
FN:73,(anonymous_7)
FN:87,(anonymous_8)
FN:96,(anonymous_9)
FN:128,(anonymous_10)
FNF:11
FNH:0
FNDA:0,(anonymous_0)
FNDA:0,(anonymous_1)
FNDA:0,(anonymous_2)
FNDA:0,(anonymous_3)
FNDA:0,(anonymous_4)
FNDA:0,(anonymous_5)
FNDA:0,(anonymous_6)
FNDA:0,(anonymous_7)
FNDA:0,(anonymous_8)
FNDA:0,(anonymous_9)
FNDA:0,(anonymous_10)
DA:18,0
DA:19,0
DA:20,0
DA:21,0
DA:22,0
DA:23,0
DA:25,0
DA:26,0
DA:29,0
DA:30,0
DA:33,0
DA:34,0
DA:35,0
DA:37,0
DA:44,0
DA:45,0
DA:46,0
DA:48,0
DA:49,0
DA:50,0
DA:56,0
DA:58,0
DA:64,0
DA:66,0
DA:70,0
DA:71,0
DA:73,0
DA:81,0
DA:87,0
DA:97,0
DA:128,0
LF:31
LH:0
BRDA:35,0,0,0
BRDA:35,0,1,0
BRDA:35,1,0,0
BRDA:35,1,1,0
BRDA:70,2,0,0
BRDA:70,2,1,0
BRDA:99,3,0,0
BRDA:99,3,1,0
BRDA:103,4,0,0
BRDA:103,4,1,0
BRDA:112,5,0,0
BRDA:112,5,1,0
BRDA:135,6,0,0
BRDA:135,6,1,0
BRF:14
BRH:0
end_of_record
TN:
SF:src/components/common/FormField.tsx
FN:20,(anonymous_0)
FN:39,(anonymous_1)
FN:42,(anonymous_2)
FN:81,(anonymous_3)
FN:104,(anonymous_4)
FN:117,(anonymous_5)
FN:132,(anonymous_6)
FNF:7
FNH:0
FNDA:0,(anonymous_0)
FNDA:0,(anonymous_1)
FNDA:0,(anonymous_2)
FNDA:0,(anonymous_3)
FNDA:0,(anonymous_4)
FNDA:0,(anonymous_5)
FNDA:0,(anonymous_6)
DA:20,0
DA:30,0
DA:32,0
DA:33,0
DA:34,0
DA:39,0
DA:43,0
DA:44,0
DA:50,0
DA:62,0
DA:63,0
DA:64,0
DA:65,0
DA:66,0
DA:67,0
DA:68,0
DA:71,0
DA:75,0
DA:82,0
DA:83,0
DA:84,0
DA:85,0
DA:87,0
DA:96,0
DA:97,0
DA:104,0
DA:111,0
DA:112,0
DA:117,0
DA:126,0
DA:132,0
DA:140,0
LF:32
LH:0
BRDA:24,0,0,0
BRDA:25,1,0,0
BRDA:26,2,0,0
BRDA:30,3,0,0
BRDA:30,3,1,0
BRDA:30,4,0,0
BRDA:30,4,1,0
BRDA:30,4,2,0
BRDA:32,5,0,0
BRDA:32,5,1,0
BRDA:32,6,0,0
BRDA:32,6,1,0
BRDA:33,7,0,0
BRDA:33,7,1,0
BRDA:43,8,0,0
BRDA:43,8,1,0
BRDA:62,9,0,0
BRDA:62,9,1,0
BRDA:64,10,0,0
BRDA:64,10,1,0
BRDA:67,11,0,0
BRDA:67,11,1,0
BRDA:82,12,0,0
BRDA:82,12,1,0
BRDA:96,13,0,0
BRDA:96,13,1,0
BRDA:103,14,0,0
BRDA:103,14,1,0
BRDA:104,15,0,0
BRDA:104,15,1,0
BRDA:111,16,0,0
BRDA:111,16,1,0
BRDA:116,17,0,0
BRDA:116,17,1,0
BRDA:131,18,0,0
BRDA:131,18,1,0
BRDA:144,19,0,0
BRDA:144,19,1,0
BRF:38
BRH:0
end_of_record
TN:
SF:src/components/gear/GearCard.tsx
FN:43,(anonymous_0)
FN:46,(anonymous_1)
FN:51,(anonymous_2)
FN:78,(anonymous_3)
FN:81,(anonymous_4)
FN:94,(anonymous_5)
FNF:6
FNH:0
FNDA:0,(anonymous_0)
FNDA:0,(anonymous_1)
FNDA:0,(anonymous_2)
FNDA:0,(anonymous_3)
FNDA:0,(anonymous_4)
FNDA:0,(anonymous_5)
DA:13,0
DA:22,0
DA:43,0
DA:44,0
DA:46,0
DA:47,0
DA:48,0
DA:51,0
DA:52,0
DA:53,0
DA:56,0
DA:79,0
DA:81,0
DA:95,0
DA:96,0
LF:15
LH:0
BRDA:44,0,0,0
BRDA:44,0,1,0
BRDA:52,1,0,0
BRDA:52,1,1,0
BRDA:62,2,0,0
BRDA:62,2,1,0
BRDA:62,3,0,0
BRDA:62,3,1,0
BRDA:76,4,0,0
BRDA:76,4,1,0
BRDA:83,5,0,0
BRDA:83,5,1,0
BRDA:92,6,0,0
BRDA:92,6,1,0
BRF:14
BRH:0
end_of_record
TN:
SF:src/components/gear/GearChat.tsx
FN:13,(anonymous_0)
FN:27,(anonymous_1)
FN:99,(anonymous_2)
FNF:3
FNH:0
FNDA:0,(anonymous_0)
FNDA:0,(anonymous_1)
FNDA:0,(anonymous_2)
DA:10,0
DA:11,0
DA:13,0
DA:14,0
DA:15,0
DA:16,0
DA:17,0
DA:18,0
DA:19,0
DA:22,0
DA:23,0
DA:24,0
DA:27,0
DA:28,0
DA:29,0
DA:31,0
DA:32,0
DA:33,0
DA:35,0
DA:37,0
DA:40,0
DA:42,0
DA:45,0
DA:58,0
DA:61,0
DA:63,0
DA:64,0
DA:66,0
DA:67,0
DA:69,0
DA:73,0
DA:74,0
DA:81,0
DA:99,0
LF:34
LH:0
BRDA:10,0,0,0
BRDA:10,0,1,0
BRDA:22,1,0,0
BRDA:22,1,1,0
BRDA:22,2,0,0
BRDA:22,2,1,0
BRDA:29,3,0,0
BRDA:29,3,1,0
BRDA:29,4,0,0
BRDA:29,4,1,0
BRDA:47,5,0,0
BRDA:47,5,1,0
BRDA:48,6,0,0
BRDA:48,6,1,0
BRDA:49,7,0,0
BRDA:49,7,1,0
BRDA:50,8,0,0
BRDA:50,8,1,0
BRDA:51,9,0,0
BRDA:51,9,1,0
BRDA:52,10,0,0
BRDA:52,10,1,0
BRDA:53,11,0,0
BRDA:53,11,1,0
BRDA:55,12,0,0
BRDA:55,12,1,0
BRDA:67,13,0,0
BRDA:67,13,1,0
BRDA:73,14,0,0
BRDA:73,14,1,0
BRDA:103,15,0,0
BRDA:103,15,1,0
BRDA:113,16,0,0
BRDA:113,16,1,0
BRDA:113,16,2,0
BRDA:114,17,0,0
BRDA:114,17,1,0
BRDA:116,18,0,0
BRDA:116,18,1,0
BRDA:122,19,0,0
BRDA:122,19,1,0
BRF:41
BRH:0
end_of_record
TN:
SF:src/components/gear/GearDetailsOverlay.tsx
FN:18,(anonymous_0)
FN:28,(anonymous_1)
FN:29,(anonymous_2)
FN:36,(anonymous_3)
FN:39,(anonymous_4)
FN:51,(anonymous_5)
FN:60,(anonymous_6)
FN:72,(anonymous_7)
FN:96,(anonymous_8)
FNF:9
FNH:0
FNDA:0,(anonymous_0)
FNDA:0,(anonymous_1)
FNDA:0,(anonymous_2)
FNDA:0,(anonymous_3)
FNDA:0,(anonymous_4)
FNDA:0,(anonymous_5)
FNDA:0,(anonymous_6)
FNDA:0,(anonymous_7)
FNDA:0,(anonymous_8)
DA:18,0
DA:23,0
DA:24,0
DA:25,0
DA:26,0
DA:28,0
DA:29,0
DA:30,0
DA:31,0
DA:35,0
DA:36,0
DA:39,0
DA:40,0
DA:42,0
DA:43,0
DA:44,0
DA:45,0
DA:47,0
DA:51,0
DA:52,0
DA:53,0
DA:55,0
DA:56,0
DA:60,0
DA:61,0
DA:63,0
DA:64,0
DA:65,0
DA:66,0
DA:68,0
DA:72,0
DA:74,0
DA:75,0
DA:77,0
DA:80,0
DA:96,0
LF:36
LH:0
BRDA:30,0,0,0
BRDA:30,0,1,0
BRDA:40,1,0,0
BRDA:40,1,1,0
BRDA:55,2,0,0
BRDA:55,2,1,0
BRDA:61,3,0,0
BRDA:61,3,1,0
BRDA:74,4,0,0
BRDA:74,4,1,0
BRDA:90,5,0,0
BRDA:90,5,1,0
BRDA:94,6,0,0
BRDA:94,6,1,0
BRF:14
BRH:0
end_of_record
TN:
SF:src/components/gear/GearFilters.tsx
FN:18,(anonymous_0)
FN:36,(anonymous_1)
FN:43,(anonymous_2)
FNF:3
FNH:0
FNDA:0,(anonymous_0)
FNDA:0,(anonymous_1)
FNDA:0,(anonymous_2)
DA:18,0
DA:28,0
DA:36,0
DA:43,0
LF:4
LH:0
BRDA:26,0,0,0
BRF:1
BRH:0
end_of_record
TN:
SF:src/components/gear/GearHeader.tsx
FN:10,(anonymous_0)
FN:29,(anonymous_1)
FNF:2
FNH:0
FNDA:0,(anonymous_0)
FNDA:0,(anonymous_1)
DA:10,0
DA:15,0
DA:17,0
DA:29,0
LF:4
LH:0
BRDA:13,0,0,0
BRDA:26,1,0,0
BRDA:26,1,1,0
BRF:3
BRH:0
end_of_record
TN:
SF:src/components/gear/GearList.tsx
FN:18,(anonymous_0)
FN:28,(anonymous_1)
FN:50,(anonymous_2)
FN:54,(anonymous_3)
FN:55,(anonymous_4)
FN:56,(anonymous_5)
FNF:6
FNH:0
FNDA:0,(anonymous_0)
FNDA:0,(anonymous_1)
FNDA:0,(anonymous_2)
FNDA:0,(anonymous_3)
FNDA:0,(anonymous_4)
FNDA:0,(anonymous_5)
DA:16,0
DA:18,0
DA:28,0
DA:29,0
DA:34,0
DA:35,0
DA:38,0
DA:39,0
DA:48,0
DA:51,0
DA:54,0
DA:55,0
DA:56,0
LF:13
LH:0
BRDA:24,0,0,0
BRDA:25,1,0,0
BRDA:29,2,0,0
BRDA:29,2,1,0
BRDA:34,3,0,0
BRDA:34,3,1,0
BRDA:38,4,0,0
BRDA:38,4,1,0
BRF:8
BRH:0
end_of_record
TN:
SF:src/components/gear/GearSpecParser.tsx
FN:11,(anonymous_0)
FN:17,(anonymous_1)
FN:44,(anonymous_2)
FN:60,(anonymous_3)
FNF:4
FNH:0
FNDA:0,(anonymous_0)
FNDA:0,(anonymous_1)
FNDA:0,(anonymous_2)
FNDA:0,(anonymous_3)
DA:11,0
DA:12,0
DA:13,0
DA:14,0
DA:15,0
DA:17,0
DA:18,0
DA:20,0
DA:21,0
DA:22,0
DA:24,0
DA:25,0
DA:27,0
DA:28,0
DA:29,0
DA:31,0
DA:32,0
DA:33,0
DA:38,0
DA:40,0
DA:44,0
DA:45,0
DA:46,0
DA:47,0
DA:48,0
DA:49,0
DA:52,0
DA:61,0
DA:63,0
DA:64,0
LF:30
LH:0
BRDA:18,0,0,0
BRDA:18,0,1,0
BRDA:32,1,0,0
BRDA:32,1,1,0
BRDA:38,2,0,0
BRDA:38,2,1,0
BRDA:46,3,0,0
BRDA:46,3,1,0
BRDA:72,4,0,0
BRDA:72,4,1,0
BRDA:78,5,0,0
BRDA:78,5,1,0
BRDA:85,6,0,0
BRDA:85,6,1,0
BRDA:86,7,0,0
BRDA:86,7,1,0
BRDA:95,8,0,0
BRDA:95,8,1,0
BRDA:97,9,0,0
BRDA:97,9,1,0
BRDA:97,10,0,0
BRDA:97,10,1,0
BRDA:102,11,0,0
BRDA:102,11,1,0
BRDA:105,12,0,0
BRDA:105,12,1,0
BRF:26
BRH:0
end_of_record
TN:
SF:src/components/gear/StatusToggle.tsx
FN:46,(anonymous_0)
FN:51,(anonymous_1)
FN:58,(anonymous_2)
FN:61,(anonymous_3)
FNF:4
FNH:0
FNDA:0,(anonymous_0)
FNDA:0,(anonymous_1)
FNDA:0,(anonymous_2)
FNDA:0,(anonymous_3)
DA:19,0
DA:46,0
DA:51,0
DA:52,0
DA:53,0
DA:56,0
DA:59,0
DA:61,0
LF:8
LH:0
BRDA:49,0,0,0
BRDA:63,1,0,0
BRDA:63,1,1,0
BRF:3
BRH:0
end_of_record
TN:
SF:src/components/gear/details/GearBasicInfo.tsx
FN:11,(anonymous_0)
FN:18,(anonymous_1)
FN:24,(anonymous_2)
FN:30,(anonymous_3)
FN:36,(anonymous_4)
FN:42,(anonymous_5)
FN:48,(anonymous_6)
FN:60,(anonymous_7)
FN:67,(anonymous_8)
FN:73,(anonymous_9)
FN:80,(anonymous_10)
FN:87,(anonymous_11)
FN:99,(anonymous_12)
FNF:13
FNH:0
FNDA:0,(anonymous_0)
FNDA:0,(anonymous_1)
FNDA:0,(anonymous_2)
FNDA:0,(anonymous_3)
FNDA:0,(anonymous_4)
FNDA:0,(anonymous_5)
FNDA:0,(anonymous_6)
FNDA:0,(anonymous_7)
FNDA:0,(anonymous_8)
FNDA:0,(anonymous_9)
FNDA:0,(anonymous_10)
FNDA:0,(anonymous_11)
FNDA:0,(anonymous_12)
DA:11,0
DA:12,0
DA:18,0
DA:24,0
DA:30,0
DA:36,0
DA:42,0
DA:48,0
DA:60,0
DA:67,0
DA:73,0
DA:80,0
DA:87,0
DA:99,0
LF:14
LH:0
BRDA:92,0,0,0
BRDA:92,0,1,0
BRF:2
BRH:0
end_of_record
TN:
SF:src/components/gear/details/GearHistory.tsx
FN:13,(anonymous_0)
FN:20,(anonymous_1)
FN:21,(anonymous_2)
FN:23,(anonymous_3)
FN:28,(anonymous_4)
FN:33,(anonymous_5)
FN:41,(anonymous_6)
FN:50,(anonymous_7)
FN:55,(anonymous_8)
FN:57,(anonymous_9)
FN:63,(anonymous_10)
FN:66,(anonymous_11)
FN:67,(anonymous_12)
FN:71,(anonymous_13)
FN:80,(anonymous_14)
FN:112,(anonymous_15)
FN:117,(anonymous_16)
FN:132,(anonymous_17)
FN:164,(anonymous_18)
FN:173,(anonymous_19)
FN:176,(anonymous_20)
FN:179,(anonymous_21)
FN:201,(anonymous_22)
FN:213,(anonymous_23)
FN:226,(anonymous_24)
FN:239,(anonymous_25)
FN:256,(anonymous_26)
FN:291,(anonymous_27)
FN:298,(anonymous_28)
FNF:29
FNH:0
FNDA:0,(anonymous_0)
FNDA:0,(anonymous_1)
FNDA:0,(anonymous_2)
FNDA:0,(anonymous_3)
FNDA:0,(anonymous_4)
FNDA:0,(anonymous_5)
FNDA:0,(anonymous_6)
FNDA:0,(anonymous_7)
FNDA:0,(anonymous_8)
FNDA:0,(anonymous_9)
FNDA:0,(anonymous_10)
FNDA:0,(anonymous_11)
FNDA:0,(anonymous_12)
FNDA:0,(anonymous_13)
FNDA:0,(anonymous_14)
FNDA:0,(anonymous_15)
FNDA:0,(anonymous_16)
FNDA:0,(anonymous_17)
FNDA:0,(anonymous_18)
FNDA:0,(anonymous_19)
FNDA:0,(anonymous_20)
FNDA:0,(anonymous_21)
FNDA:0,(anonymous_22)
FNDA:0,(anonymous_23)
FNDA:0,(anonymous_24)
FNDA:0,(anonymous_25)
FNDA:0,(anonymous_26)
FNDA:0,(anonymous_27)
FNDA:0,(anonymous_28)
DA:13,0
DA:14,0
DA:15,0
DA:16,0
DA:18,0
DA:20,0
DA:21,0
DA:22,0
DA:23,0
DA:28,0
DA:29,0
DA:30,0
DA:33,0
DA:34,0
DA:36,0
DA:41,0
DA:42,0
DA:45,0
DA:46,0
DA:47,0
DA:50,0
DA:51,0
DA:52,0
DA:55,0
DA:56,0
DA:57,0
DA:58,0
DA:62,0
DA:63,0
DA:65,0
DA:67,0
DA:71,0
DA:72,0
DA:80,0
DA:81,0
DA:83,0
DA:88,0
DA:93,0
DA:98,0
DA:105,0
DA:113,0
DA:114,0
DA:117,0
DA:133,0
DA:165,0
DA:166,0
DA:174,0
DA:177,0
DA:178,0
DA:179,0
DA:181,0
DA:202,0
DA:203,0
DA:214,0
DA:215,0
DA:227,0
DA:228,0
DA:240,0
DA:241,0
DA:257,0
DA:291,0
DA:298,0
LF:62
LH:0
BRDA:22,0,0,0
BRDA:22,0,1,0
BRDA:34,1,0,0
BRDA:34,1,1,0
BRDA:38,2,0,0
BRDA:38,2,1,0
BRDA:41,3,0,0
BRDA:41,3,1,0
BRDA:42,4,0,0
BRDA:42,4,1,0
BRDA:56,5,0,0
BRDA:56,5,1,0
BRDA:57,6,0,0
BRDA:57,6,1,0
BRDA:62,7,0,0
BRDA:62,7,1,0
BRDA:65,8,0,0
BRDA:65,8,1,0
BRDA:81,9,0,0
BRDA:81,9,1,0
BRDA:81,9,2,0
BRDA:81,9,3,0
BRDA:119,10,0,0
BRDA:119,10,1,0
BRDA:130,11,0,0
BRDA:130,11,1,0
BRDA:137,12,0,0
BRDA:137,12,1,0
BRDA:165,13,0,0
BRDA:165,13,1,0
BRDA:177,14,0,0
BRDA:177,14,1,0
BRDA:178,15,0,0
BRDA:178,15,1,0
BRDA:180,16,0,0
BRDA:180,16,1,0
BRDA:187,17,0,0
BRDA:187,17,1,0
BRDA:202,18,0,0
BRDA:202,18,1,0
BRDA:214,19,0,0
BRDA:214,19,1,0
BRDA:227,20,0,0
BRDA:227,20,1,0
BRDA:240,21,0,0
BRDA:240,21,1,0
BRDA:253,22,0,0
BRDA:253,22,1,0
BRDA:260,23,0,0
BRDA:260,23,1,0
BRDA:262,24,0,0
BRDA:262,24,1,0
BRDA:273,25,0,0
BRDA:273,25,1,0
BRDA:278,26,0,0
BRDA:278,26,1,0
BRDA:283,27,0,0
BRDA:283,27,1,0
BRF:58
BRH:0
end_of_record
TN:
SF:src/components/gear/details/GearHistoryChat.tsx
FN:19,(anonymous_0)
FN:24,(anonymous_1)
FN:66,(anonymous_2)
FNF:3
FNH:0
FNDA:0,(anonymous_0)
FNDA:0,(anonymous_1)
FNDA:0,(anonymous_2)
DA:19,0
DA:20,0
DA:21,0
DA:22,0
DA:24,0
DA:25,0
DA:26,0
DA:28,0
DA:29,0
DA:31,0
DA:32,0
DA:35,0
DA:47,0
DA:51,0
DA:52,0
DA:54,0
DA:55,0
DA:57,0
DA:61,0
DA:66,0
LF:20
LH:0
BRDA:26,0,0,0
BRDA:26,0,1,0
BRDA:48,1,0,0
BRDA:48,1,1,0
BRDA:55,2,0,0
BRDA:55,2,1,0
BRDA:72,3,0,0
BRDA:72,3,1,0
BRDA:78,4,0,0
BRDA:78,4,1,0
BRDA:81,5,0,0
BRDA:81,5,1,0
BRF:12
BRH:0
end_of_record
TN:
SF:src/components/gear/details/GearImageGallery.tsx
FN:14,(anonymous_0)
FN:27,(anonymous_1)
FN:33,(anonymous_2)
FN:39,(anonymous_3)
FN:61,(anonymous_4)
FN:67,(anonymous_5)
FN:73,(anonymous_6)
FN:92,(anonymous_7)
FN:113,(anonymous_8)
FN:163,(anonymous_9)
FN:174,(anonymous_10)
FN:185,(anonymous_11)
FN:187,(anonymous_12)
FN:188,(anonymous_13)
FN:189,(anonymous_14)
FN:192,(anonymous_15)
FNF:16
FNH:0
FNDA:0,(anonymous_0)
FNDA:0,(anonymous_1)
FNDA:0,(anonymous_2)
FNDA:0,(anonymous_3)
FNDA:0,(anonymous_4)
FNDA:0,(anonymous_5)
FNDA:0,(anonymous_6)
FNDA:0,(anonymous_7)
FNDA:0,(anonymous_8)
FNDA:0,(anonymous_9)
FNDA:0,(anonymous_10)
FNDA:0,(anonymous_11)
FNDA:0,(anonymous_12)
FNDA:0,(anonymous_13)
FNDA:0,(anonymous_14)
FNDA:0,(anonymous_15)
DA:14,0
DA:20,0
DA:21,0
DA:22,0
DA:23,0
DA:24,0
DA:25,0
DA:27,0
DA:28,0
DA:29,0
DA:30,0
DA:33,0
DA:34,0
DA:35,0
DA:36,0
DA:39,0
DA:40,0
DA:41,0
DA:42,0
DA:45,0
DA:46,0
DA:47,0
DA:48,0
DA:49,0
DA:50,0
DA:51,0
DA:55,0
DA:57,0
DA:61,0
DA:62,0
DA:63,0
DA:64,0
DA:67,0
DA:68,0
DA:69,0
DA:70,0
DA:73,0
DA:74,0
DA:75,0
DA:77,0
DA:78,0
DA:79,0
DA:82,0
DA:83,0
DA:84,0
DA:85,0
DA:87,0
DA:89,0
DA:92,0
DA:93,0
DA:94,0
DA:96,0
DA:97,0
DA:98,0
DA:99,0
DA:100,0
DA:104,0
DA:108,0
DA:109,0
DA:113,0
DA:114,0
DA:116,0
DA:117,0
DA:118,0
DA:119,0
DA:120,0
DA:123,0
DA:127,0
DA:163,0
DA:175,0
DA:185,0
DA:187,0
DA:188,0
DA:189,0
DA:192,0
LF:75
LH:0
BRDA:18,0,0,0
BRDA:45,1,0,0
BRDA:45,1,1,0
BRDA:49,2,0,0
BRDA:49,2,1,0
BRDA:50,3,0,0
BRDA:50,3,1,0
BRDA:77,4,0,0
BRDA:77,4,1,0
BRDA:77,5,0,0
BRDA:77,5,1,0
BRDA:93,6,0,0
BRDA:93,6,1,0
BRDA:94,7,0,0
BRDA:94,7,1,0
BRDA:98,8,0,0
BRDA:98,8,1,0
BRDA:99,9,0,0
BRDA:99,9,1,0
BRDA:108,10,0,0
BRDA:108,10,1,0
BRDA:114,11,0,0
BRDA:114,11,1,0
BRDA:114,12,0,0
BRDA:114,12,1,0
BRDA:119,13,0,0
BRDA:119,13,1,0
BRDA:129,14,0,0
BRDA:129,14,1,0
BRDA:136,15,0,0
BRDA:136,15,1,0
BRDA:136,16,0,0
BRDA:136,16,1,0
BRDA:172,17,0,0
BRDA:172,17,1,0
BRDA:172,17,2,0
BRDA:178,18,0,0
BRDA:178,18,1,0
BRDA:197,19,0,0
BRDA:197,19,1,0
BRF:40
BRH:0
end_of_record
TN:
SF:src/components/gear/details/GearPriceInfo.tsx
FN:11,(anonymous_0)
FN:12,(anonymous_1)
FN:29,(anonymous_2)
FN:36,(anonymous_3)
FN:43,(anonymous_4)
FN:50,(anonymous_5)
FN:57,(anonymous_6)
FN:64,(anonymous_7)
FNF:8
FNH:0
FNDA:0,(anonymous_0)
FNDA:0,(anonymous_1)
FNDA:0,(anonymous_2)
FNDA:0,(anonymous_3)
FNDA:0,(anonymous_4)
FNDA:0,(anonymous_5)
FNDA:0,(anonymous_6)
FNDA:0,(anonymous_7)
DA:11,0
DA:12,0
DA:13,0
DA:14,0
DA:22,0
DA:29,0
DA:36,0
DA:43,0
DA:50,0
DA:57,0
DA:64,0
LF:11
LH:0
BRDA:13,0,0,0
BRDA:13,0,1,0
BRDA:33,1,0,0
BRDA:33,1,1,0
BRDA:34,2,0,0
BRDA:34,2,1,0
BRDA:54,3,0,0
BRDA:54,3,1,0
BRDA:55,4,0,0
BRDA:55,4,1,0
BRF:10
BRH:0
end_of_record
TN:
SF:src/components/gear/details/specs/GearSpecs.tsx
FN:11,(anonymous_0)
FN:12,(anonymous_1)
FNF:2
FNH:0
FNDA:0,(anonymous_0)
FNDA:0,(anonymous_1)
DA:11,0
DA:12,0
DA:13,0
DA:16,0
DA:19,0
DA:28,0
LF:6
LH:0
BRDA:16,0,0,0
BRDA:16,0,1,0
BRDA:16,0,2,0
BRF:3
BRH:0
end_of_record
TN:
SF:src/components/gear/details/specs/GuitarSpecsForm.tsx
FN:11,(anonymous_0)
FN:12,(anonymous_1)
FN:16,(anonymous_2)
FN:20,(anonymous_3)
FN:24,(anonymous_4)
FN:28,(anonymous_5)
FN:32,(anonymous_6)
FN:36,(anonymous_7)
FN:40,(anonymous_8)
FN:44,(anonymous_9)
FN:48,(anonymous_10)
FN:52,(anonymous_11)
FN:56,(anonymous_12)
FN:70,(anonymous_13)
FN:76,(anonymous_14)
FN:82,(anonymous_15)
FN:88,(anonymous_16)
FN:94,(anonymous_17)
FN:100,(anonymous_18)
FN:106,(anonymous_19)
FN:112,(anonymous_20)
FN:120,(anonymous_21)
FN:126,(anonymous_22)
FN:133,(anonymous_23)
FN:139,(anonymous_24)
FN:147,(anonymous_25)
FN:153,(anonymous_26)
FN:162,(anonymous_27)
FN:168,(anonymous_28)
FN:182,(anonymous_29)
FN:188,(anonymous_30)
FN:194,(anonymous_31)
FN:200,(anonymous_32)
FN:206,(anonymous_33)
FN:212,(anonymous_34)
FN:218,(anonymous_35)
FN:226,(anonymous_36)
FN:232,(anonymous_37)
FN:238,(anonymous_38)
FN:244,(anonymous_39)
FN:250,(anonymous_40)
FN:256,(anonymous_41)
FN:264,(anonymous_42)
FN:270,(anonymous_43)
FN:278,(anonymous_44)
FN:284,(anonymous_45)
FN:298,(anonymous_46)
FN:304,(anonymous_47)
FN:310,(anonymous_48)
FN:316,(anonymous_49)
FN:329,(anonymous_50)
FN:335,(anonymous_51)
FN:341,(anonymous_52)
FN:349,(anonymous_53)
FN:355,(anonymous_54)
FN:362,(anonymous_55)
FN:368,(anonymous_56)
FN:381,(anonymous_57)
FN:387,(anonymous_58)
FN:393,(anonymous_59)
FN:399,(anonymous_60)
FN:405,(anonymous_61)
FN:411,(anonymous_62)
FN:417,(anonymous_63)
FN:430,(anonymous_64)
FN:436,(anonymous_65)
FN:442,(anonymous_66)
FN:449,(anonymous_67)
FN:456,(anonymous_68)
FNF:69
FNH:0
FNDA:0,(anonymous_0)
FNDA:0,(anonymous_1)
FNDA:0,(anonymous_2)
FNDA:0,(anonymous_3)
FNDA:0,(anonymous_4)
FNDA:0,(anonymous_5)
FNDA:0,(anonymous_6)
FNDA:0,(anonymous_7)
FNDA:0,(anonymous_8)
FNDA:0,(anonymous_9)
FNDA:0,(anonymous_10)
FNDA:0,(anonymous_11)
FNDA:0,(anonymous_12)
FNDA:0,(anonymous_13)
FNDA:0,(anonymous_14)
FNDA:0,(anonymous_15)
FNDA:0,(anonymous_16)
FNDA:0,(anonymous_17)
FNDA:0,(anonymous_18)
FNDA:0,(anonymous_19)
FNDA:0,(anonymous_20)
FNDA:0,(anonymous_21)
FNDA:0,(anonymous_22)
FNDA:0,(anonymous_23)
FNDA:0,(anonymous_24)
FNDA:0,(anonymous_25)
FNDA:0,(anonymous_26)
FNDA:0,(anonymous_27)
FNDA:0,(anonymous_28)
FNDA:0,(anonymous_29)
FNDA:0,(anonymous_30)
FNDA:0,(anonymous_31)
FNDA:0,(anonymous_32)
FNDA:0,(anonymous_33)
FNDA:0,(anonymous_34)
FNDA:0,(anonymous_35)
FNDA:0,(anonymous_36)
FNDA:0,(anonymous_37)
FNDA:0,(anonymous_38)
FNDA:0,(anonymous_39)
FNDA:0,(anonymous_40)
FNDA:0,(anonymous_41)
FNDA:0,(anonymous_42)
FNDA:0,(anonymous_43)
FNDA:0,(anonymous_44)
FNDA:0,(anonymous_45)
FNDA:0,(anonymous_46)
FNDA:0,(anonymous_47)
FNDA:0,(anonymous_48)
FNDA:0,(anonymous_49)
FNDA:0,(anonymous_50)
FNDA:0,(anonymous_51)
FNDA:0,(anonymous_52)
FNDA:0,(anonymous_53)
FNDA:0,(anonymous_54)
FNDA:0,(anonymous_55)
FNDA:0,(anonymous_56)
FNDA:0,(anonymous_57)
FNDA:0,(anonymous_58)
FNDA:0,(anonymous_59)
FNDA:0,(anonymous_60)
FNDA:0,(anonymous_61)
FNDA:0,(anonymous_62)
FNDA:0,(anonymous_63)
FNDA:0,(anonymous_64)
FNDA:0,(anonymous_65)
FNDA:0,(anonymous_66)
FNDA:0,(anonymous_67)
FNDA:0,(anonymous_68)
DA:11,0
DA:12,0
DA:13,0
DA:16,0
DA:17,0
DA:20,0
DA:21,0
DA:24,0
DA:25,0
DA:28,0
DA:29,0
DA:32,0
DA:33,0
DA:36,0
DA:37,0
DA:40,0
DA:41,0
DA:44,0
DA:45,0
DA:48,0
DA:49,0
DA:52,0
DA:53,0
DA:56,0
DA:57,0
DA:60,0
DA:70,0
DA:76,0
DA:82,0
DA:88,0
DA:94,0
DA:100,0
DA:106,0
DA:112,0
DA:120,0
DA:126,0
DA:133,0
DA:139,0
DA:147,0
DA:153,0
DA:162,0
DA:168,0
DA:182,0
DA:188,0
DA:194,0
DA:200,0
DA:206,0
DA:212,0
DA:218,0
DA:226,0
DA:232,0
DA:238,0
DA:244,0
DA:250,0
DA:256,0
DA:264,0
DA:270,0
DA:278,0
DA:284,0
DA:298,0
DA:304,0
DA:310,0
DA:316,0
DA:329,0
DA:335,0
DA:341,0
DA:349,0
DA:355,0
DA:362,0
DA:368,0
DA:381,0
DA:387,0
DA:393,0
DA:399,0
DA:405,0
DA:411,0
DA:417,0
DA:430,0
DA:436,0
DA:442,0
DA:449,0
DA:456,0
LF:82
LH:0
BRF:0
BRH:0
end_of_record
TN:
SF:src/components/layout/FAQ.tsx
FN:39,(anonymous_0)
FN:44,(anonymous_1)
FNF:2
FNH:0
FNDA:0,(anonymous_0)
FNDA:0,(anonymous_1)
DA:8,0
DA:39,0
DA:40,0
DA:45,0
LF:4
LH:0
BRF:0
BRH:0
end_of_record
TN:
SF:src/components/layout/Footer.tsx
FN:4,(anonymous_0)
FNF:1
FNH:0
FNDA:0,(anonymous_0)
DA:4,0
DA:5,0
LF:2
LH:0
BRF:0
BRH:0
end_of_record
TN:
SF:src/components/layout/MainLayout.tsx
FN:9,(anonymous_0)
FNF:1
FNH:0
FNDA:0,(anonymous_0)
DA:9,0
DA:10,0
LF:2
LH:0
BRF:0
BRH:0
end_of_record
TN:
SF:src/components/layout/Navbar.tsx
FN:7,(anonymous_0)
FN:13,(anonymous_1)
FN:22,(anonymous_2)
FN:40,(anonymous_3)
FN:46,(anonymous_4)
FN:54,(anonymous_5)
FN:57,(anonymous_6)
FN:100,(anonymous_7)
FN:103,(anonymous_8)
FNF:9
FNH:0
FNDA:0,(anonymous_0)
FNDA:0,(anonymous_1)
FNDA:0,(anonymous_2)
FNDA:0,(anonymous_3)
FNDA:0,(anonymous_4)
FNDA:0,(anonymous_5)
FNDA:0,(anonymous_6)
FNDA:0,(anonymous_7)
FNDA:0,(anonymous_8)
DA:7,0
DA:8,0
DA:9,0
DA:10,0
DA:11,0
DA:13,0
DA:14,0
DA:15,0
DA:16,0
DA:18,0
DA:22,0
DA:24,0
DA:31,0
DA:40,0
DA:46,0
DA:55,0
DA:57,0
DA:101,0
DA:104,0
DA:105,0
LF:20
LH:0
BRDA:49,0,0,0
BRDA:49,0,1,0
BRDA:62,1,0,0
BRDA:62,1,1,0
BRDA:73,2,0,0
BRDA:73,2,1,0
BRDA:96,3,0,0
BRDA:96,3,1,0
BRDA:110,4,0,0
BRDA:110,4,1,0
BRF:10
BRH:0
end_of_record
TN:
SF:src/components/timeline/TimelineEvent.tsx
FN:16,(anonymous_0)
FN:17,(anonymous_1)
FN:21,(anonymous_2)
FNF:3
FNH:0
FNDA:0,(anonymous_0)
FNDA:0,(anonymous_1)
FNDA:0,(anonymous_2)
DA:16,0
DA:17,0
DA:18,0
DA:21,0
DA:22,0
DA:24,0
DA:26,0
DA:28,0
DA:30,0
DA:32,0
DA:36,0
LF:11
LH:0
BRDA:22,0,0,0
BRDA:22,0,1,0
BRDA:22,0,2,0
BRDA:22,0,3,0
BRDA:22,0,4,0
BRDA:28,1,0,0
BRDA:28,1,1,0
BRDA:30,2,0,0
BRDA:30,2,1,0
BRF:9
BRH:0
end_of_record
TN:
SF:src/components/timeline/TimelineView.tsx
FN:12,(anonymous_0)
FN:30,(anonymous_1)
FN:31,(anonymous_2)
FN:60,(anonymous_3)
FN:76,(anonymous_4)
FN:106,(anonymous_5)
FN:118,(anonymous_6)
FN:122,(anonymous_7)
FN:126,(anonymous_8)
FN:135,(anonymous_9)
FN:138,(anonymous_10)
FN:149,(anonymous_11)
FN:150,(anonymous_12)
FN:154,(anonymous_13)
FN:168,(anonymous_14)
FN:172,(anonymous_15)
FN:183,(anonymous_16)
FN:186,(anonymous_17)
FNF:18
FNH:0
FNDA:0,(anonymous_0)
FNDA:0,(anonymous_1)
FNDA:0,(anonymous_2)
FNDA:0,(anonymous_3)
FNDA:0,(anonymous_4)
FNDA:0,(anonymous_5)
FNDA:0,(anonymous_6)
FNDA:0,(anonymous_7)
FNDA:0,(anonymous_8)
FNDA:0,(anonymous_9)
FNDA:0,(anonymous_10)
FNDA:0,(anonymous_11)
FNDA:0,(anonymous_12)
FNDA:0,(anonymous_13)
FNDA:0,(anonymous_14)
FNDA:0,(anonymous_15)
FNDA:0,(anonymous_16)
FNDA:0,(anonymous_17)
DA:12,0
DA:13,0
DA:15,0
DA:16,0
DA:19,0
DA:20,0
DA:23,0
DA:24,0
DA:27,0
DA:30,0
DA:31,0
DA:32,0
DA:35,0
DA:36,0
DA:47,0
DA:48,0
DA:59,0
DA:60,0
DA:61,0
DA:72,0
DA:76,0
DA:77,0
DA:78,0
DA:79,0
DA:81,0
DA:106,0
DA:107,0
DA:108,0
DA:110,0
DA:118,0
DA:119,0
DA:121,0
DA:122,0
DA:125,0
DA:126,0
DA:127,0
DA:128,0
DA:129,0
DA:130,0
DA:131,0
DA:135,0
DA:138,0
DA:139,0
DA:140,0
DA:141,0
DA:143,0
DA:144,0
DA:148,0
DA:149,0
DA:150,0
DA:154,0
DA:160,0
DA:168,0
DA:173,0
DA:184,0
DA:186,0
LF:56
LH:0
BRDA:13,0,0,0
BRDA:13,0,1,0
BRDA:15,1,0,0
BRDA:15,1,1,0
BRDA:15,2,0,0
BRDA:15,2,1,0
BRDA:19,3,0,0
BRDA:19,3,1,0
BRDA:23,4,0,0
BRDA:23,4,1,0
BRDA:35,5,0,0
BRDA:35,5,1,0
BRDA:47,6,0,0
BRDA:47,6,1,0
BRDA:59,7,0,0
BRDA:59,7,1,0
BRDA:78,8,0,0
BRDA:78,8,1,0
BRDA:84,9,0,0
BRDA:84,9,1,0
BRDA:84,9,2,0
BRDA:97,10,0,0
BRDA:97,10,1,0
BRDA:98,11,0,0
BRDA:98,11,1,0
BRDA:121,12,0,0
BRDA:121,12,1,0
BRDA:125,13,0,0
BRDA:125,13,1,0
BRDA:127,14,0,0
BRDA:127,14,1,0
BRDA:127,15,0,0
BRDA:127,15,1,0
BRDA:128,16,0,0
BRDA:128,16,1,0
BRDA:128,17,0,0
BRDA:128,17,1,0
BRDA:129,18,0,0
BRDA:129,18,1,0
BRDA:129,19,0,0
BRDA:129,19,1,0
BRDA:129,19,2,0
BRDA:130,20,0,0
BRDA:130,20,1,0
BRDA:130,21,0,0
BRDA:130,21,1,0
BRDA:140,22,0,0
BRDA:140,22,1,0
BRDA:188,23,0,0
BRDA:188,23,1,0
BRF:50
BRH:0
end_of_record
TN:
SF:src/components/ui/ConfirmationDialog.tsx
FN:14,(anonymous_0)
FNF:1
FNH:0
FNDA:0,(anonymous_0)
DA:14,0
DA:24,0
DA:26,0
DA:41,0
DA:43,0
LF:5
LH:0
BRDA:18,0,0,0
BRDA:19,1,0,0
BRDA:22,2,0,0
BRDA:24,3,0,0
BRDA:24,3,1,0
BRF:5
BRH:0
end_of_record
TN:
SF:src/components/ui/ErrorAlert.tsx
FN:10,(anonymous_0)
FNF:1
FNH:0
FNDA:0,(anonymous_0)
DA:10,0
DA:15,0
LF:2
LH:0
BRDA:13,0,0,0
BRDA:24,1,0,0
BRDA:24,1,1,0
BRF:3
BRH:0
end_of_record
TN:
SF:src/components/ui/FormInput.tsx
FN:16,(anonymous_0)
FNF:1
FNH:0
FNDA:0,(anonymous_0)
DA:16,0
DA:30,0
DA:31,0
DA:33,0
LF:4
LH:0
BRDA:21,0,0,0
BRDA:22,1,0,0
BRDA:23,2,0,0
BRDA:24,3,0,0
BRDA:25,4,0,0
BRDA:30,5,0,0
BRDA:30,5,1,0
BRDA:31,6,0,0
BRDA:31,6,1,0
BRDA:40,7,0,0
BRDA:40,7,1,0
BRDA:51,8,0,0
BRDA:51,8,1,0
BRDA:54,9,0,0
BRDA:54,9,1,0
BRDA:55,10,0,0
BRDA:55,10,1,0
BRDA:59,11,0,0
BRDA:59,11,1,0
BRDA:66,12,0,0
BRDA:66,12,1,0
BRDA:73,13,0,0
BRDA:73,13,1,0
BRF:23
BRH:0
end_of_record
TN:
SF:src/components/ui/LoadingSpinner.tsx
FN:9,(anonymous_0)
FNF:1
FNH:0
FNDA:0,(anonymous_0)
DA:9,0
DA:14,0
DA:21,0
DA:24,0
DA:25,0
DA:32,0
LF:6
LH:0
BRDA:10,0,0,0
BRDA:11,1,0,0
BRDA:12,2,0,0
BRDA:24,3,0,0
BRDA:24,3,1,0
BRF:5
BRH:0
end_of_record
TN:
SF:src/components/ui/button.tsx
FN:11,(anonymous_0)
FNF:1
FNH:0
FNDA:0,(anonymous_0)
DA:10,0
DA:12,0
DA:14,0
DA:22,0
DA:28,0
LF:5
LH:0
BRDA:11,0,0,0
BRDA:11,1,0,0
BRDA:37,2,0,0
BRDA:37,2,1,0
BRDA:40,3,0,0
BRDA:40,3,1,0
BRF:6
BRH:0
end_of_record
TN:
SF:src/components/ui/dialog.tsx
FN:14,(anonymous_0)
FN:29,(anonymous_1)
FN:46,(anonymous_2)
FN:60,(anonymous_3)
FN:77,(anonymous_4)
FN:92,(anonymous_5)
FNF:6
FNH:0
FNDA:0,(anonymous_0)
FNDA:0,(anonymous_1)
FNDA:0,(anonymous_2)
FNDA:0,(anonymous_3)
FNDA:0,(anonymous_4)
FNDA:0,(anonymous_5)
DA:5,0
DA:7,0
DA:9,0
DA:11,0
DA:15,0
DA:24,0
DA:26,0
DA:30,0
DA:44,0
DA:46,0
DA:50,0
DA:58,0
DA:60,0
DA:64,0
DA:72,0
DA:74,0
DA:78,0
DA:87,0
DA:89,0
DA:93,0
DA:99,0
LF:21
LH:0
BRF:0
BRH:0
end_of_record
TN:
SF:src/components/ui/input.tsx
FN:10,(anonymous_0)
FNF:1
FNH:0
FNDA:0,(anonymous_0)
DA:9,0
DA:11,0
LF:2
LH:0
BRDA:13,0,0,0
BRDA:13,0,1,0
BRDA:25,1,0,0
BRDA:25,1,1,0
BRDA:31,2,0,0
BRDA:31,2,1,0
BRF:6
BRH:0
end_of_record
TN:
SF:src/components/ui/sort-dropdown.tsx
FN:12,(anonymous_0)
FN:21,(anonymous_1)
FN:23,(anonymous_2)
FN:24,(anonymous_3)
FN:31,(anonymous_4)
FN:37,(anonymous_5)
FN:61,(anonymous_6)
FN:64,(anonymous_7)
FNF:8
FNH:0
FNDA:0,(anonymous_0)
FNDA:0,(anonymous_1)
FNDA:0,(anonymous_2)
FNDA:0,(anonymous_3)
FNDA:0,(anonymous_4)
FNDA:0,(anonymous_5)
FNDA:0,(anonymous_6)
FNDA:0,(anonymous_7)
DA:12,0
DA:18,0
DA:19,0
DA:21,0
DA:23,0
DA:24,0
DA:25,0
DA:26,0
DA:30,0
DA:31,0
DA:34,0
DA:37,0
DA:62,0
DA:65,0
DA:66,0
LF:15
LH:0
BRDA:16,0,0,0
BRDA:25,1,0,0
BRDA:25,1,1,0
BRDA:25,2,0,0
BRDA:25,2,1,0
BRDA:46,3,0,0
BRDA:46,3,1,0
BRDA:47,4,0,0
BRDA:47,4,1,0
BRDA:54,5,0,0
BRDA:54,5,1,0
BRDA:71,6,0,0
BRDA:71,6,1,0
BRF:13
BRH:0
end_of_record
TN:
SF:src/components/ui/timeline.tsx
FN:12,(anonymous_0)
FN:17,(anonymous_1)
FNF:2
FNH:0
FNDA:0,(anonymous_0)
FNDA:0,(anonymous_1)
DA:12,0
DA:13,0
DA:18,0
LF:3
LH:0
BRDA:23,0,0,0
BRDA:23,0,1,0
BRF:2
BRH:0
end_of_record
TN:
SF:src/config/firebase.ts
FNF:0
FNH:0
DA:6,0
DA:16,0
DA:17,0
DA:18,0
DA:19,0
LF:5
LH:0
BRF:0
BRH:0
end_of_record
TN:
SF:src/contexts/AuthContext.tsx
FN:13,(anonymous_0)
FN:23,(anonymous_1)
FNF:2
FNH:0
FNDA:0,(anonymous_0)
FNDA:0,(anonymous_1)
DA:11,0
DA:13,0
DA:14,0
DA:16,0
DA:23,0
DA:24,0
DA:25,0
DA:26,0
DA:28,0
LF:9
LH:0
BRDA:18,0,0,0
BRDA:18,0,1,0
BRDA:25,1,0,0
BRDA:25,1,1,0
BRF:4
BRH:0
end_of_record
TN:
SF:src/hooks/useAuth.ts
FN:13,(anonymous_0)
FN:18,(anonymous_1)
FN:19,(anonymous_2)
FN:24,(anonymous_3)
FN:27,(anonymous_4)
FN:38,(anonymous_5)
FN:48,(anonymous_6)
FN:58,(anonymous_7)
FNF:8
FNH:0
FNDA:0,(anonymous_0)
FNDA:0,(anonymous_1)
FNDA:0,(anonymous_2)
FNDA:0,(anonymous_3)
FNDA:0,(anonymous_4)
FNDA:0,(anonymous_5)
FNDA:0,(anonymous_6)
FNDA:0,(anonymous_7)
DA:13,0
DA:14,0
DA:15,0
DA:16,0
DA:18,0
DA:19,0
DA:20,0
DA:21,0
DA:24,0
DA:27,0
DA:28,0
DA:29,0
DA:30,0
DA:31,0
DA:33,0
DA:34,0
DA:38,0
DA:39,0
DA:40,0
DA:41,0
DA:43,0
DA:44,0
DA:48,0
DA:49,0
DA:50,0
DA:51,0
DA:53,0
DA:54,0
DA:58,0
DA:59,0
DA:60,0
DA:61,0
DA:63,0
DA:64,0
DA:68,0
LF:35
LH:0
BRDA:33,0,0,0
BRDA:33,0,1,0
BRDA:43,1,0,0
BRDA:43,1,1,0
BRDA:53,2,0,0
BRDA:53,2,1,0
BRDA:63,3,0,0
BRDA:63,3,1,0
BRF:8
BRH:0
end_of_record
TN:
SF:src/hooks/useForm.ts
FN:22,useForm
FN:23,(anonymous_1)
FN:32,(anonymous_2)
FN:40,(anonymous_3)
FN:58,(anonymous_4)
FN:59,(anonymous_5)
FN:60,(anonymous_6)
FN:63,(anonymous_7)
FN:69,(anonymous_8)
FN:70,(anonymous_9)
FN:73,(anonymous_10)
FN:79,(anonymous_11)
FN:95,(anonymous_12)
FNF:13
FNH:0
FNDA:0,useForm
FNDA:0,(anonymous_1)
FNDA:0,(anonymous_2)
FNDA:0,(anonymous_3)
FNDA:0,(anonymous_4)
FNDA:0,(anonymous_5)
FNDA:0,(anonymous_6)
FNDA:0,(anonymous_7)
FNDA:0,(anonymous_8)
FNDA:0,(anonymous_9)
FNDA:0,(anonymous_10)
FNDA:0,(anonymous_11)
FNDA:0,(anonymous_12)
DA:23,0
DA:24,0
DA:25,0
DA:26,0
DA:28,0
DA:31,0
DA:32,0
DA:33,0
DA:34,0
DA:35,0
DA:37,0
DA:40,0
DA:41,0
DA:43,0
DA:44,0
DA:47,0
DA:48,0
DA:49,0
DA:50,0
DA:55,0
DA:58,0
DA:59,0
DA:60,0
DA:62,0
DA:63,0
DA:69,0
DA:70,0
DA:72,0
DA:73,0
DA:79,0
DA:80,0
DA:81,0
DA:83,0
DA:84,0
DA:85,0
DA:86,0
DA:87,0
DA:91,0
DA:92,0
DA:95,0
DA:96,0
DA:97,0
DA:99,0
DA:100,0
DA:101,0
DA:104,0
DA:105,0
DA:106,0
DA:109,0
LF:49
LH:0
BRDA:43,0,0,0
BRDA:43,0,1,0
BRDA:43,1,0,0
BRDA:43,1,1,0
BRDA:47,2,0,0
BRDA:47,2,1,0
BRDA:49,3,0,0
BRDA:49,3,1,0
BRDA:85,4,0,0
BRDA:85,4,1,0
BRF:10
BRH:0
end_of_record
TN:
SF:src/hooks/useGearCollection.ts
FN:16,(anonymous_0)
FN:29,(anonymous_1)
FN:46,(anonymous_2)
FN:51,(anonymous_3)
FN:52,(anonymous_4)
FN:53,(anonymous_5)
FN:64,(anonymous_6)
FN:65,(anonymous_7)
FN:86,(anonymous_8)
FN:98,(anonymous_9)
FN:103,(anonymous_10)
FN:103,(anonymous_11)
FN:110,(anonymous_12)
FN:115,(anonymous_13)
FN:115,(anonymous_14)
FN:122,(anonymous_15)
FN:127,(anonymous_16)
FN:127,(anonymous_17)
FNF:18
FNH:0
FNDA:0,(anonymous_0)
FNDA:0,(anonymous_1)
FNDA:0,(anonymous_2)
FNDA:0,(anonymous_3)
FNDA:0,(anonymous_4)
FNDA:0,(anonymous_5)
FNDA:0,(anonymous_6)
FNDA:0,(anonymous_7)
FNDA:0,(anonymous_8)
FNDA:0,(anonymous_9)
FNDA:0,(anonymous_10)
FNDA:0,(anonymous_11)
FNDA:0,(anonymous_12)
FNDA:0,(anonymous_13)
FNDA:0,(anonymous_14)
FNDA:0,(anonymous_15)
FNDA:0,(anonymous_16)
FNDA:0,(anonymous_17)
DA:16,0
DA:17,0
DA:18,0
DA:19,0
DA:20,0
DA:21,0
DA:22,0
DA:23,0
DA:24,0
DA:26,0
DA:29,0
DA:30,0
DA:32,0
DA:33,0
DA:34,0
DA:35,0
DA:36,0
DA:38,0
DA:39,0
DA:41,0
DA:46,0
DA:47,0
DA:51,0
DA:52,0
DA:53,0
DA:54,0
DA:57,0
DA:59,0
DA:64,0
DA:65,0
DA:66,0
DA:67,0
DA:69,0
DA:70,0
DA:75,0
DA:76,0
DA:81,0
DA:86,0
DA:87,0
DA:89,0
DA:90,0
DA:91,0
DA:93,0
DA:94,0
DA:98,0
DA:99,0
DA:101,0
DA:102,0
DA:103,0
DA:105,0
DA:106,0
DA:110,0
DA:111,0
DA:113,0
DA:114,0
DA:115,0
DA:117,0
DA:118,0
DA:122,0
DA:123,0
DA:125,0
DA:126,0
DA:127,0
DA:128,0
DA:131,0
DA:132,0
DA:136,0
LF:67
LH:0
BRDA:16,0,0,0
BRDA:22,1,0,0
BRDA:22,1,1,0
BRDA:23,2,0,0
BRDA:23,2,1,0
BRDA:24,3,0,0
BRDA:24,3,1,0
BRDA:30,4,0,0
BRDA:30,4,1,0
BRDA:38,5,0,0
BRDA:38,5,1,0
BRDA:53,6,0,0
BRDA:53,6,1,0
BRDA:54,7,0,0
BRDA:54,7,1,0
BRDA:57,8,0,0
BRDA:57,8,1,0
BRDA:59,9,0,0
BRDA:59,9,1,0
BRDA:69,10,0,0
BRDA:69,10,1,0
BRDA:69,11,0,0
BRDA:69,11,1,0
BRDA:70,12,0,0
BRDA:70,12,1,0
BRDA:75,13,0,0
BRDA:75,13,1,0
BRDA:75,14,0,0
BRDA:75,14,1,0
BRDA:76,15,0,0
BRDA:76,15,1,0
BRDA:87,16,0,0
BRDA:87,16,1,0
BRDA:93,17,0,0
BRDA:93,17,1,0
BRDA:99,18,0,0
BRDA:99,18,1,0
BRDA:103,19,0,0
BRDA:103,19,1,0
BRDA:105,20,0,0
BRDA:105,20,1,0
BRDA:111,21,0,0
BRDA:111,21,1,0
BRDA:117,22,0,0
BRDA:117,22,1,0
BRDA:123,23,0,0
BRDA:123,23,1,0
BRDA:128,24,0,0
BRDA:128,24,1,0
BRDA:131,25,0,0
BRDA:131,25,1,0
BRF:51
BRH:0
end_of_record
TN:
SF:src/hooks/useGearFilters.ts
FN:18,(anonymous_0)
FN:23,(anonymous_1)
FN:28,(anonymous_2)
FN:34,(anonymous_3)
FN:49,(anonymous_4)
FN:51,(anonymous_5)
FNF:6
FNH:0
FNDA:0,(anonymous_0)
FNDA:0,(anonymous_1)
FNDA:0,(anonymous_2)
FNDA:0,(anonymous_3)
FNDA:0,(anonymous_4)
FNDA:0,(anonymous_5)
DA:18,0
DA:19,0
DA:20,0
DA:21,0
DA:23,0
DA:24,0
DA:27,0
DA:28,0
DA:32,0
DA:33,0
DA:34,0
DA:36,0
DA:41,0
DA:45,0
DA:46,0
DA:49,0
DA:50,0
DA:51,0
DA:52,0
DA:53,0
DA:55,0
DA:56,0
DA:58,0
DA:63,0
DA:74,0
DA:77,0
LF:26
LH:0
BRDA:27,0,0,0
BRDA:27,0,1,0
BRDA:32,1,0,0
BRDA:32,1,1,0
BRDA:36,2,0,0
BRDA:36,2,1,0
BRDA:37,3,0,0
BRDA:37,3,1,0
BRDA:37,3,2,0
BRDA:46,4,0,0
BRDA:46,4,1,0
BRDA:50,5,0,0
BRDA:50,5,1,0
BRDA:50,6,0,0
BRDA:50,6,1,0
BRDA:52,7,0,0
BRDA:52,7,1,0
BRDA:55,8,0,0
BRDA:55,8,1,0
BRDA:55,9,0,0
BRDA:55,9,1,0
BRDA:64,10,0,0
BRDA:64,10,1,0
BRDA:64,10,2,0
BRDA:64,10,3,0
BRDA:64,10,4,0
BRDA:64,10,5,0
BRF:27
BRH:0
end_of_record
TN:
SF:src/hooks/useGearSort.ts
FN:14,(anonymous_0)
FN:23,(anonymous_1)
FN:32,(anonymous_2)
FN:41,(anonymous_3)
FN:50,(anonymous_4)
FN:59,(anonymous_5)
FN:78,(anonymous_6)
FN:82,(anonymous_7)
FN:83,(anonymous_8)
FNF:9
FNH:0
FNDA:0,(anonymous_0)
FNDA:0,(anonymous_1)
FNDA:0,(anonymous_2)
FNDA:0,(anonymous_3)
FNDA:0,(anonymous_4)
FNDA:0,(anonymous_5)
FNDA:0,(anonymous_6)
FNDA:0,(anonymous_7)
FNDA:0,(anonymous_8)
DA:10,0
DA:15,0
DA:16,0
DA:17,0
DA:24,0
DA:25,0
DA:26,0
DA:33,0
DA:34,0
DA:35,0
DA:42,0
DA:43,0
DA:44,0
DA:51,0
DA:52,0
DA:53,0
DA:60,0
DA:61,0
DA:62,0
DA:78,0
DA:79,0
DA:80,0
DA:82,0
DA:83,0
DA:84,0
DA:86,0
DA:87,0
DA:90,0
LF:28
LH:0
BRDA:15,0,0,0
BRDA:15,0,1,0
BRDA:16,1,0,0
BRDA:16,1,1,0
BRDA:24,2,0,0
BRDA:24,2,1,0
BRDA:25,3,0,0
BRDA:25,3,1,0
BRDA:51,4,0,0
BRDA:51,4,1,0
BRDA:52,5,0,0
BRDA:52,5,1,0
BRDA:60,6,0,0
BRDA:60,6,1,0
BRDA:61,7,0,0
BRDA:61,7,1,0
BRDA:84,8,0,0
BRDA:84,8,1,0
BRF:18
BRH:0
end_of_record
TN:
SF:src/lib/utils.ts
FN:4,cn
FNF:1
FNH:0
FNDA:0,cn
DA:5,0
LF:1
LH:0
BRF:0
BRH:0
end_of_record
TN:
SF:src/pages/AddGear.tsx
FN:87,(anonymous_0)
FN:96,(anonymous_1)
FN:98,(anonymous_2)
FN:104,(anonymous_3)
FN:105,(anonymous_4)
FN:117,(anonymous_5)
FN:122,(anonymous_6)
FN:127,(anonymous_7)
FN:164,(anonymous_8)
FN:174,(anonymous_9)
FN:188,(anonymous_10)
FN:189,(anonymous_11)
FN:220,(anonymous_12)
FN:352,(anonymous_13)
FN:366,(anonymous_14)
FN:369,(anonymous_15)
FN:374,(anonymous_16)
FN:386,(anonymous_17)
FN:389,(anonymous_18)
FN:394,(anonymous_19)
FN:406,(anonymous_20)
FN:409,(anonymous_21)
FN:414,(anonymous_22)
FN:426,(anonymous_23)
FN:429,(anonymous_24)
FN:434,(anonymous_25)
FN:446,(anonymous_26)
FN:449,(anonymous_27)
FN:454,(anonymous_28)
FN:466,(anonymous_29)
FN:469,(anonymous_30)
FN:474,(anonymous_31)
FNF:32
FNH:0
FNDA:0,(anonymous_0)
FNDA:0,(anonymous_1)
FNDA:0,(anonymous_2)
FNDA:0,(anonymous_3)
FNDA:0,(anonymous_4)
FNDA:0,(anonymous_5)
FNDA:0,(anonymous_6)
FNDA:0,(anonymous_7)
FNDA:0,(anonymous_8)
FNDA:0,(anonymous_9)
FNDA:0,(anonymous_10)
FNDA:0,(anonymous_11)
FNDA:0,(anonymous_12)
FNDA:0,(anonymous_13)
FNDA:0,(anonymous_14)
FNDA:0,(anonymous_15)
FNDA:0,(anonymous_16)
FNDA:0,(anonymous_17)
FNDA:0,(anonymous_18)
FNDA:0,(anonymous_19)
FNDA:0,(anonymous_20)
FNDA:0,(anonymous_21)
FNDA:0,(anonymous_22)
FNDA:0,(anonymous_23)
FNDA:0,(anonymous_24)
FNDA:0,(anonymous_25)
FNDA:0,(anonymous_26)
FNDA:0,(anonymous_27)
FNDA:0,(anonymous_28)
FNDA:0,(anonymous_29)
FNDA:0,(anonymous_30)
FNDA:0,(anonymous_31)
DA:9,0
DA:11,0
DA:87,0
DA:88,0
DA:89,0
DA:90,0
DA:91,0
DA:92,0
DA:93,0
DA:94,0
DA:96,0
DA:97,0
DA:98,0
DA:104,0
DA:105,0
DA:117,0
DA:118,0
DA:119,0
DA:120,0
DA:122,0
DA:123,0
DA:127,0
DA:128,0
DA:129,0
DA:131,0
DA:132,0
DA:135,0
DA:138,0
DA:139,0
DA:140,0
DA:144,0
DA:146,0
DA:148,0
DA:152,0
DA:153,0
DA:154,0
DA:157,0
DA:164,0
DA:174,0
DA:189,0
DA:190,0
DA:191,0
DA:221,0
DA:353,0
DA:367,0
DA:369,0
DA:374,0
DA:387,0
DA:389,0
DA:394,0
DA:407,0
DA:409,0
DA:414,0
DA:427,0
DA:429,0
DA:434,0
DA:447,0
DA:449,0
DA:454,0
DA:467,0
DA:469,0
DA:474,0
LF:62
LH:0
BRDA:119,0,0,0
BRDA:119,0,1,0
BRDA:129,1,0,0
BRDA:129,1,1,0
BRDA:138,2,0,0
BRDA:138,2,1,0
BRDA:152,3,0,0
BRDA:152,3,1,0
BRDA:166,4,0,0
BRDA:166,4,1,0
BRDA:176,5,0,0
BRDA:176,5,1,0
BRDA:185,6,0,0
BRDA:185,6,1,0
BRDA:197,7,0,0
BRDA:197,7,1,0
BRDA:197,7,2,0
BRDA:487,8,0,0
BRDA:487,8,1,0
BRDA:492,9,0,0
BRDA:492,9,1,0
BRF:21
BRH:0
end_of_record
TN:
SF:src/pages/Home.tsx
FN:16,(anonymous_0)
FN:27,(anonymous_1)
FN:30,(anonymous_2)
FN:46,(anonymous_3)
FN:51,(anonymous_4)
FN:57,(anonymous_5)
FN:73,(anonymous_6)
FN:75,(anonymous_7)
FN:95,(anonymous_8)
FN:100,(anonymous_9)
FN:100,(anonymous_10)
FN:101,(anonymous_11)
FN:101,(anonymous_12)
FN:107,(anonymous_13)
FN:112,(anonymous_14)
FN:112,(anonymous_15)
FN:115,(anonymous_16)
FN:115,(anonymous_17)
FN:123,(anonymous_18)
FN:157,(anonymous_19)
FN:174,(anonymous_20)
FN:184,(anonymous_21)
FN:194,(anonymous_22)
FN:204,(anonymous_23)
FN:214,(anonymous_24)
FN:247,(anonymous_25)
FN:257,(anonymous_26)
FN:261,(anonymous_27)
FN:262,(anonymous_28)
FN:263,(anonymous_29)
FN:272,(anonymous_30)
FN:273,(anonymous_31)
FN:274,(anonymous_32)
FN:274,(anonymous_33)
FNF:34
FNH:0
FNDA:0,(anonymous_0)
FNDA:0,(anonymous_1)
FNDA:0,(anonymous_2)
FNDA:0,(anonymous_3)
FNDA:0,(anonymous_4)
FNDA:0,(anonymous_5)
FNDA:0,(anonymous_6)
FNDA:0,(anonymous_7)
FNDA:0,(anonymous_8)
FNDA:0,(anonymous_9)
FNDA:0,(anonymous_10)
FNDA:0,(anonymous_11)
FNDA:0,(anonymous_12)
FNDA:0,(anonymous_13)
FNDA:0,(anonymous_14)
FNDA:0,(anonymous_15)
FNDA:0,(anonymous_16)
FNDA:0,(anonymous_17)
FNDA:0,(anonymous_18)
FNDA:0,(anonymous_19)
FNDA:0,(anonymous_20)
FNDA:0,(anonymous_21)
FNDA:0,(anonymous_22)
FNDA:0,(anonymous_23)
FNDA:0,(anonymous_24)
FNDA:0,(anonymous_25)
FNDA:0,(anonymous_26)
FNDA:0,(anonymous_27)
FNDA:0,(anonymous_28)
FNDA:0,(anonymous_29)
FNDA:0,(anonymous_30)
FNDA:0,(anonymous_31)
FNDA:0,(anonymous_32)
FNDA:0,(anonymous_33)
DA:12,0
DA:16,0
DA:17,0
DA:18,0
DA:19,0
DA:20,0
DA:21,0
DA:22,0
DA:23,0
DA:24,0
DA:25,0
DA:27,0
DA:28,0
DA:30,0
DA:31,0
DA:32,0
DA:33,0
DA:34,0
DA:36,0
DA:38,0
DA:42,0
DA:46,0
DA:47,0
DA:50,0
DA:51,0
DA:55,0
DA:56,0
DA:57,0
DA:59,0
DA:66,0
DA:70,0
DA:73,0
DA:74,0
DA:75,0
DA:76,0
DA:81,0
DA:92,0
DA:95,0
DA:96,0
DA:98,0
DA:99,0
DA:100,0
DA:101,0
DA:103,0
DA:107,0
DA:108,0
DA:110,0
DA:111,0
DA:112,0
DA:113,0
DA:115,0
DA:116,0
DA:119,0
DA:123,0
DA:124,0
DA:126,0
DA:127,0
DA:128,0
DA:130,0
DA:131,0
DA:132,0
DA:134,0
DA:136,0
DA:140,0
DA:141,0
DA:150,0
DA:157,0
DA:174,0
DA:184,0
DA:194,0
DA:204,0
DA:214,0
DA:247,0
DA:258,0
DA:261,0
DA:262,0
DA:263,0
DA:272,0
DA:274,0
DA:275,0
LF:80
LH:0
BRDA:28,0,0,0
BRDA:28,0,1,0
BRDA:50,1,0,0
BRDA:50,1,1,0
BRDA:55,2,0,0
BRDA:55,2,1,0
BRDA:59,3,0,0
BRDA:59,3,1,0
BRDA:60,4,0,0
BRDA:60,4,1,0
BRDA:60,4,2,0
BRDA:60,4,3,0
BRDA:60,4,4,0
BRDA:74,5,0,0
BRDA:74,5,1,0
BRDA:74,6,0,0
BRDA:74,6,1,0
BRDA:76,7,0,0
BRDA:76,7,1,0
BRDA:82,8,0,0
BRDA:82,8,1,0
BRDA:82,8,2,0
BRDA:82,8,3,0
BRDA:82,8,4,0
BRDA:82,8,5,0
BRDA:96,9,0,0
BRDA:96,9,1,0
BRDA:108,10,0,0
BRDA:108,10,1,0
BRDA:113,11,0,0
BRDA:113,11,1,0
BRDA:116,12,0,0
BRDA:116,12,1,0
BRDA:124,13,0,0
BRDA:124,13,1,0
BRDA:140,14,0,0
BRDA:140,14,1,0
BRDA:186,15,0,0
BRDA:186,15,1,0
BRDA:196,16,0,0
BRDA:196,16,1,0
BRDA:206,17,0,0
BRDA:206,17,1,0
BRDA:216,18,0,0
BRDA:216,18,1,0
BRDA:230,19,0,0
BRDA:230,19,1,0
BRDA:235,20,0,0
BRDA:235,20,1,0
BRDA:239,21,0,0
BRDA:239,21,1,0
BRDA:241,22,0,0
BRDA:241,22,1,0
BRDA:241,23,0,0
BRDA:241,23,1,0
BRDA:269,24,0,0
BRDA:269,24,1,0
BRDA:274,25,0,0
BRDA:274,25,1,0
BRF:59
BRH:0
end_of_record
TN:
SF:src/pages/Login.tsx
FN:7,(anonymous_0)
FN:14,(anonymous_1)
FN:28,(anonymous_2)
FN:61,(anonymous_3)
FN:71,(anonymous_4)
FN:104,(anonymous_5)
FNF:6
FNH:0
FNDA:0,(anonymous_0)
FNDA:0,(anonymous_1)
FNDA:0,(anonymous_2)
FNDA:0,(anonymous_3)
FNDA:0,(anonymous_4)
FNDA:0,(anonymous_5)
DA:7,0
DA:8,0
DA:9,0
DA:10,0
DA:11,0
DA:12,0
DA:14,0
DA:15,0
DA:16,0
DA:17,0
DA:18,0
DA:20,0
DA:22,0
DA:24,0
DA:28,0
DA:29,0
DA:30,0
DA:31,0
DA:33,0
DA:37,0
DA:61,0
DA:71,0
DA:104,0
LF:23
LH:0
BRDA:17,0,0,0
BRDA:17,0,1,0
BRDA:50,1,0,0
BRDA:50,1,1,0
BRDA:77,2,0,0
BRDA:77,2,1,0
BRDA:85,3,0,0
BRDA:85,3,1,0
BRDA:107,4,0,0
BRDA:107,4,1,0
BRF:10
BRH:0
end_of_record
TN:
SF:src/pages/MyGear.tsx
FN:15,(anonymous_0)
FN:46,(anonymous_1)
FN:50,(anonymous_2)
FN:63,(anonymous_3)
FN:67,(anonymous_4)
FN:84,(anonymous_5)
FN:88,(anonymous_6)
FN:100,(anonymous_7)
FN:115,(anonymous_8)
FN:163,(anonymous_9)
FNF:10
FNH:0
FNDA:0,(anonymous_0)
FNDA:0,(anonymous_1)
FNDA:0,(anonymous_2)
FNDA:0,(anonymous_3)
FNDA:0,(anonymous_4)
FNDA:0,(anonymous_5)
FNDA:0,(anonymous_6)
FNDA:0,(anonymous_7)
FNDA:0,(anonymous_8)
FNDA:0,(anonymous_9)
DA:15,0
DA:16,0
DA:17,0
DA:18,0
DA:39,0
DA:44,0
DA:46,0
DA:47,0
DA:50,0
DA:51,0
DA:52,0
DA:53,0
DA:55,0
DA:63,0
DA:64,0
DA:67,0
DA:68,0
DA:70,0
DA:71,0
DA:72,0
DA:74,0
DA:80,0
DA:84,0
DA:85,0
DA:88,0
DA:89,0
DA:90,0
DA:92,0
DA:100,0
DA:101,0
DA:102,0
DA:103,0
DA:104,0
DA:106,0
DA:111,0
DA:115,0
DA:116,0
DA:117,0
DA:120,0
DA:163,0
LF:40
LH:0
BRDA:68,0,0,0
BRDA:68,0,1,0
BRDA:141,1,0,0
BRDA:141,1,1,0
BRDA:160,2,0,0
BRDA:160,2,1,0
BRF:6
BRH:0
end_of_record
TN:
SF:src/pages/Profile.tsx
FN:8,(anonymous_0)
FN:22,(anonymous_1)
FN:23,(anonymous_2)
FN:24,(anonymous_3)
FN:25,(anonymous_4)
FN:26,(anonymous_5)
FN:29,(anonymous_6)
FN:32,(anonymous_7)
FN:44,(anonymous_8)
FN:88,(anonymous_9)
FN:98,(anonymous_10)
FN:100,(anonymous_11)
FN:120,(anonymous_12)
FN:151,(anonymous_13)
FNF:14
FNH:0
FNDA:0,(anonymous_0)
FNDA:0,(anonymous_1)
FNDA:0,(anonymous_2)
FNDA:0,(anonymous_3)
FNDA:0,(anonymous_4)
FNDA:0,(anonymous_5)
FNDA:0,(anonymous_6)
FNDA:0,(anonymous_7)
FNDA:0,(anonymous_8)
FNDA:0,(anonymous_9)
FNDA:0,(anonymous_10)
FNDA:0,(anonymous_11)
FNDA:0,(anonymous_12)
FNDA:0,(anonymous_13)
DA:8,0
DA:9,0
DA:10,0
DA:11,0
DA:12,0
DA:13,0
DA:14,0
DA:15,0
DA:16,0
DA:17,0
DA:20,0
DA:22,0
DA:23,0
DA:24,0
DA:25,0
DA:26,0
DA:29,0
DA:30,0
DA:32,0
DA:33,0
DA:34,0
DA:35,0
DA:37,0
DA:41,0
DA:44,0
DA:45,0
DA:47,0
DA:48,0
DA:49,0
DA:54,0
DA:55,0
DA:58,0
DA:59,0
DA:62,0
DA:64,0
DA:68,0
DA:89,0
DA:98,0
DA:101,0
DA:120,0
DA:152,0
DA:153,0
DA:155,0
LF:43
LH:0
BRDA:30,0,0,0
BRDA:30,0,1,0
BRDA:45,1,0,0
BRDA:45,1,1,0
BRDA:45,2,0,0
BRDA:45,2,1,0
BRDA:58,3,0,0
BRDA:58,3,1,0
BRDA:131,4,0,0
BRDA:131,4,1,0
BRDA:134,5,0,0
BRDA:134,5,1,0
BRDA:140,6,0,0
BRDA:140,6,1,0
BRDA:144,7,0,0
BRDA:144,7,1,0
BRDA:147,8,0,0
BRDA:147,8,1,0
BRDA:153,9,0,0
BRDA:153,9,1,0
BRDA:153,10,0,0
BRDA:153,10,1,0
BRDA:170,11,0,0
BRDA:170,11,1,0
BRF:24
BRH:0
end_of_record
TN:
SF:src/pages/Timeline.tsx
FN:7,(anonymous_0)
FN:14,(anonymous_1)
FN:15,(anonymous_2)
FNF:3
FNH:0
FNDA:0,(anonymous_0)
FNDA:0,(anonymous_1)
FNDA:0,(anonymous_2)
DA:7,0
DA:8,0
DA:9,0
DA:10,0
DA:12,0
DA:14,0
DA:15,0
DA:16,0
DA:17,0
DA:18,0
DA:19,0
DA:21,0
DA:23,0
DA:27,0
DA:30,0
DA:31,0
DA:38,0
LF:17
LH:0
BRDA:16,0,0,0
BRDA:16,0,1,0
BRDA:30,1,0,0
BRDA:30,1,1,0
BRF:4
BRH:0
end_of_record
TN:
SF:src/pages/Wishlist.tsx
FN:13,(anonymous_0)
FN:22,(anonymous_1)
FN:25,(anonymous_2)
FN:41,(anonymous_3)
FN:48,(anonymous_4)
FN:64,(anonymous_5)
FN:66,(anonymous_6)
FN:85,(anonymous_7)
FN:90,(anonymous_8)
FN:90,(anonymous_9)
FN:91,(anonymous_10)
FN:91,(anonymous_11)
FN:119,(anonymous_12)
FN:127,(anonymous_13)
FN:147,(anonymous_14)
FN:157,(anonymous_15)
FN:161,(anonymous_16)
FN:162,(anonymous_17)
FN:171,(anonymous_18)
FN:172,(anonymous_19)
FN:173,(anonymous_20)
FN:173,(anonymous_21)
FN:174,(anonymous_22)
FN:174,(anonymous_23)
FNF:24
FNH:0
FNDA:0,(anonymous_0)
FNDA:0,(anonymous_1)
FNDA:0,(anonymous_2)
FNDA:0,(anonymous_3)
FNDA:0,(anonymous_4)
FNDA:0,(anonymous_5)
FNDA:0,(anonymous_6)
FNDA:0,(anonymous_7)
FNDA:0,(anonymous_8)
FNDA:0,(anonymous_9)
FNDA:0,(anonymous_10)
FNDA:0,(anonymous_11)
FNDA:0,(anonymous_12)
FNDA:0,(anonymous_13)
FNDA:0,(anonymous_14)
FNDA:0,(anonymous_15)
FNDA:0,(anonymous_16)
FNDA:0,(anonymous_17)
FNDA:0,(anonymous_18)
FNDA:0,(anonymous_19)
FNDA:0,(anonymous_20)
FNDA:0,(anonymous_21)
FNDA:0,(anonymous_22)
FNDA:0,(anonymous_23)
DA:11,0
DA:13,0
DA:14,0
DA:15,0
DA:16,0
DA:17,0
DA:18,0
DA:19,0
DA:20,0
DA:22,0
DA:23,0
DA:25,0
DA:26,0
DA:27,0
DA:28,0
DA:29,0
DA:31,0
DA:33,0
DA:37,0
DA:41,0
DA:42,0
DA:43,0
DA:44,0
DA:47,0
DA:48,0
DA:50,0
DA:57,0
DA:61,0
DA:64,0
DA:65,0
DA:66,0
DA:67,0
DA:72,0
DA:82,0
DA:85,0
DA:86,0
DA:88,0
DA:89,0
DA:90,0
DA:91,0
DA:93,0
DA:97,0
DA:98,0
DA:107,0
DA:119,0
DA:127,0
DA:147,0
DA:158,0
DA:161,0
DA:162,0
DA:171,0
DA:173,0
DA:174,0
DA:175,0
LF:54
LH:0
BRDA:23,0,0,0
BRDA:23,0,1,0
BRDA:42,1,0,0
BRDA:42,1,1,0
BRDA:50,2,0,0
BRDA:50,2,1,0
BRDA:51,3,0,0
BRDA:51,3,1,0
BRDA:51,3,2,0
BRDA:51,3,3,0
BRDA:51,3,4,0
BRDA:65,4,0,0
BRDA:65,4,1,0
BRDA:65,5,0,0
BRDA:65,5,1,0
BRDA:67,6,0,0
BRDA:67,6,1,0
BRDA:73,7,0,0
BRDA:73,7,1,0
BRDA:73,7,2,0
BRDA:73,7,3,0
BRDA:73,7,4,0
BRDA:73,7,5,0
BRDA:86,8,0,0
BRDA:86,8,1,0
BRDA:97,9,0,0
BRDA:97,9,1,0
BRDA:135,10,0,0
BRDA:135,10,1,0
BRDA:139,11,0,0
BRDA:139,11,1,0
BRDA:141,12,0,0
BRDA:141,12,1,0
BRDA:168,13,0,0
BRDA:168,13,1,0
BRDA:173,14,0,0
BRDA:173,14,1,0
BRDA:174,15,0,0
BRDA:174,15,1,0
BRF:39
BRH:0
end_of_record
TN:
SF:src/services/container.ts
FN:10,(anonymous_0)
FN:17,(anonymous_1)
FN:24,(anonymous_2)
FN:31,(anonymous_3)
FN:42,(anonymous_4)
FN:46,(anonymous_5)
FN:50,(anonymous_6)
FN:59,(anonymous_7)
FNF:8
FNH:0
FNDA:0,(anonymous_0)
FNDA:0,(anonymous_1)
FNDA:0,(anonymous_2)
FNDA:0,(anonymous_3)
FNDA:0,(anonymous_4)
FNDA:0,(anonymous_5)
FNDA:0,(anonymous_6)
FNDA:0,(anonymous_7)
DA:8,0
DA:12,0
DA:13,0
DA:14,0
DA:18,0
DA:19,0
DA:21,0
DA:25,0
DA:26,0
DA:28,0
DA:32,0
DA:33,0
DA:34,0
DA:39,0
DA:43,0
DA:47,0
DA:51,0
DA:56,0
DA:59,0
DA:60,0
LF:20
LH:0
BRDA:18,0,0,0
BRDA:18,0,1,0
BRDA:25,1,0,0
BRDA:25,1,1,0
BRDA:33,2,0,0
BRDA:33,2,1,0
BRF:6
BRH:0
end_of_record
TN:
SF:src/services/gearService.ts
FN:6,(anonymous_0)
FN:18,(anonymous_1)
FN:30,(anonymous_2)
FN:42,(anonymous_3)
FN:54,(anonymous_4)
FN:66,(anonymous_5)
FN:78,(anonymous_6)
FNF:7
FNH:0
FNDA:0,(anonymous_0)
FNDA:0,(anonymous_1)
FNDA:0,(anonymous_2)
FNDA:0,(anonymous_3)
FNDA:0,(anonymous_4)
FNDA:0,(anonymous_5)
FNDA:0,(anonymous_6)
DA:7,0
DA:8,0
DA:10,0
DA:19,0
DA:20,0
DA:22,0
DA:31,0
DA:32,0
DA:34,0
DA:43,0
DA:44,0
DA:46,0
DA:55,0
DA:56,0
DA:58,0
DA:67,0
DA:68,0
DA:70,0
DA:79,0
DA:80,0
DA:82,0
LF:21
LH:0
BRF:0
BRH:0
end_of_record
TN:
SF:src/services/geminiService.ts
FN:9,(anonymous_0)
FN:137,(anonymous_1)
FN:231,(anonymous_2)
FN:319,(anonymous_3)
FN:335,(anonymous_4)
FN:340,(anonymous_5)
FN:341,(anonymous_6)
FN:341,(anonymous_7)
FN:348,(anonymous_8)
FN:353,(anonymous_9)
FN:354,(anonymous_10)
FN:354,(anonymous_11)
FN:363,(anonymous_12)
FN:364,(anonymous_13)
FN:364,(anonymous_14)
FNF:15
FNH:0
FNDA:0,(anonymous_0)
FNDA:0,(anonymous_1)
FNDA:0,(anonymous_2)
FNDA:0,(anonymous_3)
FNDA:0,(anonymous_4)
FNDA:0,(anonymous_5)
FNDA:0,(anonymous_6)
FNDA:0,(anonymous_7)
FNDA:0,(anonymous_8)
FNDA:0,(anonymous_9)
FNDA:0,(anonymous_10)
FNDA:0,(anonymous_11)
FNDA:0,(anonymous_12)
FNDA:0,(anonymous_13)
FNDA:0,(anonymous_14)
DA:4,0
DA:7,0
DA:10,0
DA:118,0
DA:119,0
DA:120,0
DA:121,0
DA:122,0
DA:123,0
DA:126,0
DA:127,0
DA:128,0
DA:129,0
DA:132,0
DA:133,0
DA:136,0
DA:137,0
DA:141,0
DA:202,0
DA:217,0
DA:218,0
DA:220,0
DA:221,0
DA:222,0
DA:227,0
DA:232,0
DA:233,0
DA:234,0
DA:237,0
DA:238,0
DA:240,0
DA:283,0
DA:284,0
DA:285,0
DA:288,0
DA:290,0
DA:292,0
DA:295,0
DA:296,0
DA:298,0
DA:299,0
DA:301,0
DA:302,0
DA:304,0
DA:307,0
DA:310,0
DA:314,0
DA:315,0
DA:319,0
DA:322,0
DA:324,0
DA:326,0
DA:327,0
DA:330,0
DA:331,0
DA:336,0
DA:337,0
DA:340,0
DA:341,0
DA:349,0
DA:353,0
DA:354,0
DA:363,0
DA:364,0
DA:390,0
DA:391,0
DA:392,0
DA:394,0
DA:395,0
DA:400,0
LF:70
LH:0
BRDA:127,0,0,0
BRDA:127,0,1,0
BRDA:136,1,0,0
BRDA:136,1,1,0
BRDA:143,2,0,0
BRDA:143,2,1,0
BRDA:144,3,0,0
BRDA:144,3,1,0
BRDA:145,4,0,0
BRDA:145,4,1,0
BRDA:146,5,0,0
BRDA:146,5,1,0
BRDA:147,6,0,0
BRDA:147,6,1,0
BRDA:148,7,0,0
BRDA:148,7,1,0
BRDA:149,8,0,0
BRDA:149,8,1,0
BRDA:150,9,0,0
BRDA:150,9,1,0
BRDA:151,10,0,0
BRDA:151,10,1,0
BRDA:152,11,0,0
BRDA:152,11,1,0
BRDA:155,12,0,0
BRDA:155,12,1,0
BRDA:156,13,0,0
BRDA:156,13,1,0
BRDA:157,14,0,0
BRDA:157,14,1,0
BRDA:158,15,0,0
BRDA:158,15,1,0
BRDA:159,16,0,0
BRDA:159,16,1,0
BRDA:160,17,0,0
BRDA:160,17,1,0
BRDA:161,18,0,0
BRDA:161,18,1,0
BRDA:162,19,0,0
BRDA:162,19,1,0
BRDA:163,20,0,0
BRDA:163,20,1,0
BRDA:164,21,0,0
BRDA:164,21,1,0
BRDA:165,22,0,0
BRDA:165,22,1,0
BRDA:166,23,0,0
BRDA:166,23,1,0
BRDA:167,24,0,0
BRDA:167,24,1,0
BRDA:168,25,0,0
BRDA:168,25,1,0
BRDA:169,26,0,0
BRDA:169,26,1,0
BRDA:172,27,0,0
BRDA:172,27,1,0
BRDA:173,28,0,0
BRDA:173,28,1,0
BRDA:174,29,0,0
BRDA:174,29,1,0
BRDA:175,30,0,0
BRDA:175,30,1,0
BRDA:178,31,0,0
BRDA:178,31,1,0
BRDA:179,32,0,0
BRDA:179,32,1,0
BRDA:180,33,0,0
BRDA:180,33,1,0
BRDA:181,34,0,0
BRDA:181,34,1,0
BRDA:182,35,0,0
BRDA:182,35,1,0
BRDA:183,36,0,0
BRDA:183,36,1,0
BRDA:186,37,0,0
BRDA:186,37,1,0
BRDA:187,38,0,0
BRDA:187,38,1,0
BRDA:188,39,0,0
BRDA:188,39,1,0
BRDA:189,40,0,0
BRDA:189,40,1,0
BRDA:190,41,0,0
BRDA:190,41,1,0
BRDA:191,42,0,0
BRDA:191,42,1,0
BRDA:192,43,0,0
BRDA:192,43,1,0
BRDA:195,44,0,0
BRDA:195,44,1,0
BRDA:196,45,0,0
BRDA:196,45,1,0
BRDA:197,46,0,0
BRDA:197,46,1,0
BRDA:198,47,0,0
BRDA:198,47,1,0
BRDA:204,48,0,0
BRDA:204,48,1,0
BRDA:205,49,0,0
BRDA:205,49,1,0
BRDA:206,50,0,0
BRDA:206,50,1,0
BRDA:207,51,0,0
BRDA:207,51,1,0
BRDA:208,52,0,0
BRDA:208,52,1,0
BRDA:209,53,0,0
BRDA:209,53,1,0
BRDA:210,54,0,0
BRDA:210,54,1,0
BRDA:211,55,0,0
BRDA:211,55,1,0
BRDA:212,56,0,0
BRDA:212,56,1,0
BRDA:213,57,0,0
BRDA:213,57,1,0
BRDA:221,58,0,0
BRDA:221,58,1,0
BRDA:295,59,0,0
BRDA:295,59,1,0
BRDA:301,60,0,0
BRDA:301,60,1,0
BRDA:314,61,0,0
BRDA:314,61,1,0
BRDA:314,62,0,0
BRDA:314,62,1,0
BRDA:341,63,0,0
BRDA:341,63,1,0
BRDA:343,64,0,0
BRDA:343,64,1,0
BRDA:344,65,0,0
BRDA:344,65,1,0
BRDA:345,66,0,0
BRDA:345,66,1,0
BRDA:346,67,0,0
BRDA:346,67,1,0
BRDA:347,68,0,0
BRDA:347,68,1,0
BRDA:348,69,0,0
BRDA:348,69,1,0
BRDA:354,70,0,0
BRDA:354,70,1,0
BRDA:356,71,0,0
BRDA:356,71,1,0
BRDA:357,72,0,0
BRDA:357,72,1,0
BRDA:358,73,0,0
BRDA:358,73,1,0
BRDA:359,74,0,0
BRDA:359,74,1,0
BRDA:360,75,0,0
BRDA:360,75,1,0
BRDA:364,76,0,0
BRDA:364,76,1,0
BRDA:366,77,0,0
BRDA:366,77,1,0
BRDA:367,78,0,0
BRDA:367,78,1,0
BRDA:368,79,0,0
BRDA:368,79,1,0
BRDA:369,80,0,0
BRDA:369,80,1,0
BRDA:370,81,0,0
BRDA:370,81,1,0
BRF:164
BRH:0
end_of_record
TN:
SF:src/services/llmService.ts
FN:17,(anonymous_0)
FN:53,(anonymous_1)
FNF:2
FNH:0
FNDA:0,(anonymous_0)
FNDA:0,(anonymous_1)
DA:3,0
DA:4,0
DA:8,0
DA:22,0
DA:43,0
DA:44,0
DA:45,0
DA:46,0
DA:48,0
DA:49,0
DA:54,0
DA:80,0
DA:81,0
DA:82,0
DA:83,0
DA:85,0
DA:86,0
LF:17
LH:0
BRDA:19,0,0,0
BRDA:20,1,0,0
BRF:2
BRH:0
end_of_record
TN:
SF:src/services/openaiService.ts
FN:7,(anonymous_0)
FN:11,(anonymous_1)
FN:80,(anonymous_2)
FNF:3
FNH:0
FNDA:0,(anonymous_0)
FNDA:0,(anonymous_1)
FNDA:0,(anonymous_2)
DA:5,0
DA:8,0
DA:15,0
DA:16,0
DA:54,0
DA:56,0
DA:57,0
DA:61,0
DA:63,0
DA:74,0
DA:75,0
DA:81,0
DA:82,0
DA:105,0
DA:107,0
DA:108,0
DA:112,0
DA:113,0
DA:116,0
DA:119,0
DA:120,0
DA:121,0
DA:124,0
DA:126,0
DA:128,0
LF:25
LH:0
BRDA:56,0,0,0
BRDA:56,0,1,0
BRDA:57,1,0,0
BRDA:57,1,1,0
BRDA:107,2,0,0
BRDA:107,2,1,0
BRDA:108,3,0,0
BRDA:108,3,1,0
BRDA:112,4,0,0
BRDA:112,4,1,0
BRDA:120,5,0,0
BRDA:120,5,1,0
BRF:12
BRH:0
end_of_record
TN:
SF:src/services/storyService.ts
FN:17,(anonymous_0)
FN:21,(anonymous_1)
FN:22,(anonymous_2)
FN:31,(anonymous_3)
FN:36,(anonymous_4)
FN:41,(anonymous_5)
FN:56,(anonymous_6)
FNF:7
FNH:0
FNDA:0,(anonymous_0)
FNDA:0,(anonymous_1)
FNDA:0,(anonymous_2)
FNDA:0,(anonymous_3)
FNDA:0,(anonymous_4)
FNDA:0,(anonymous_5)
FNDA:0,(anonymous_6)
DA:18,0
DA:22,0
DA:32,0
DA:33,0
DA:37,0
DA:38,0
DA:42,0
DA:49,0
DA:50,0
DA:51,0
DA:53,0
DA:57,0
DA:58,0
DA:60,0
DA:61,0
DA:64,0
DA:65,0
LF:17
LH:0
BRDA:31,0,0,0
BRDA:60,1,0,0
BRDA:60,1,1,0
BRF:3
BRH:0
end_of_record
TN:
SF:src/tests/components/gear/GearList.test.tsx
FN:27,(anonymous_0)
FN:34,(anonymous_1)
FN:38,(anonymous_2)
FN:50,(anonymous_3)
FN:63,(anonymous_4)
FN:76,(anonymous_5)
FN:89,(anonymous_6)
FN:102,(anonymous_7)
FN:116,(anonymous_8)
FNF:9
FNH:0
FNDA:0,(anonymous_0)
FNDA:0,(anonymous_1)
FNDA:0,(anonymous_2)
FNDA:0,(anonymous_3)
FNDA:0,(anonymous_4)
FNDA:0,(anonymous_5)
FNDA:0,(anonymous_6)
FNDA:0,(anonymous_7)
FNDA:0,(anonymous_8)
DA:6,0
DA:27,0
DA:28,0
DA:34,0
DA:35,0
DA:38,0
DA:39,0
DA:47,0
DA:50,0
DA:51,0
DA:60,0
DA:63,0
DA:64,0
DA:73,0
DA:76,0
DA:77,0
DA:85,0
DA:86,0
DA:89,0
DA:90,0
DA:98,0
DA:99,0
DA:102,0
DA:103,0
DA:111,0
DA:112,0
DA:113,0
DA:116,0
DA:117,0
DA:125,0
DA:126,0
DA:127,0
LF:32
LH:0
BRF:0
BRH:0
end_of_record
TN:
SF:src/tests/utils/testUtils.tsx
FN:7,(anonymous_0)
FN:28,(anonymous_1)
FN:29,(anonymous_2)
FN:34,(anonymous_3)
FNF:4
FNH:0
FNDA:0,(anonymous_0)
FNDA:0,(anonymous_1)
FNDA:0,(anonymous_2)
FNDA:0,(anonymous_3)
DA:7,0
DA:28,0
DA:29,0
DA:34,0
DA:35,0
DA:37,0
LF:6
LH:0
BRDA:34,0,0,0
BRDA:34,1,0,0
BRF:2
BRH:0
end_of_record
TN:
SF:src/types/gear.ts
FNF:0
FNH:0
LF:0
LH:0
BRF:0
BRH:0
end_of_record
TN:
SF:src/utils/errorHandler.ts
FN:11,(anonymous_0)
FN:19,(anonymous_1)
FN:49,(anonymous_2)
FN:54,(anonymous_3)
FNF:4
FNH:0
FNDA:0,(anonymous_0)
FNDA:0,(anonymous_1)
FNDA:0,(anonymous_2)
FNDA:0,(anonymous_3)
DA:12,0
DA:13,0
DA:14,0
DA:15,0
DA:19,0
DA:24,0
DA:33,0
DA:46,0
DA:49,0
DA:50,0
DA:54,0
DA:55,0
DA:56,0
DA:59,0
DA:60,0
DA:63,0
DA:67,0
LF:17
LH:0
BRDA:24,0,0,0
BRDA:24,0,1,0
BRDA:27,1,0,0
BRDA:27,1,1,0
BRDA:55,2,0,0
BRDA:55,2,1,0
BRDA:59,3,0,0
BRDA:59,3,1,0
BRF:8
BRH:0
end_of_record
TN:
SF:src/utils/sampleData.ts
FN:303,(anonymous_0)
FN:307,(anonymous_1)
FNF:2
FNH:0
FNDA:0,(anonymous_0)
FNDA:0,(anonymous_1)
DA:5,0
DA:303,0
DA:304,0
DA:307,0
LF:4
LH:0
BRF:0
BRH:0
end_of_record
